🔧 Command: main.py --dataset clintox --task_type class --seed 2025 --gpu 1 --norm 0 --split_type random --batch_size 64 --vib_norm 0
🔧 All print outputs will be saved to: ./LOGS/clintox/complete_output_20250828_130818.log
Device set to : NVIDIA GeForce RTX 4060 Ti
lr:0.001, cl_loss:0.1, cl_loss_num:0, pro_num:1, pool_type:attention, gnn_hidden_dim:256, batch_size:64, norm:0, fusion:3
0: 6.36%, 1: 93.64%
0: 92.42%, 1: 7.58%
[GeoGNNModel] embed_dim:256
[GeoGNNModel] dropout_rate:0.5
[GeoGNNModel] layer_num:8
[GeoGNNModel] readout:mean
[GeoGNNModel] atom_names:['atomic_num', 'formal_charge', 'degree', 'chiral_tag', 'total_numHs', 'is_aromatic', 'hybridization']
[GeoGNNModel] bond_names:['bond_dir', 'bond_type', 'is_in_ring']
[GeoGNNModel] bond_float_names:['bond_length']
[GeoGNNModel] bond_angle_float_names:['bond_angle']
train model ...
**Test result:0.5322927072927073

**Test result:0.579020979020979

**Test result:0.6746753246753247

**Test result:0.8204108391608391

**Test result:0.8502466283716283

**Test result:0.8743381618381618

**Test result:0.9348994755244755

**Test result:0.9622034215784216

**Test result:0.9376373626373626

**Test result:0.9252278971028971

**Test result:0.9328764985014986

**Test result:0.9154220779220779

