🔧 Command: main.py --dataset clintox --task_type class --seed 2025 --gpu 1 --norm 0 --split_type random --batch_size 64 --vib_norm 0
🔧 All print outputs will be saved to: ./LOGS/clintox/complete_output_20250828_185356.log
Device set to : NVIDIA GeForce RTX 4060 Ti
lr:0.001, cl_loss:0.1, cl_loss_num:0, pro_num:1, pool_type:attention, gnn_hidden_dim:256, batch_size:64, norm:0, fusion:3
0: 6.36%, 1: 93.64%
0: 92.42%, 1: 7.58%
[GeoGNNModel] embed_dim:256
[GeoGNNModel] dropout_rate:0.5
[GeoGNNModel] layer_num:8
[GeoGNNModel] readout:mean
[GeoGNNModel] atom_names:['atomic_num', 'formal_charge', 'degree', 'chiral_tag', 'total_numHs', 'is_aromatic', 'hybridization']
[GeoGNNModel] bond_names:['bond_dir', 'bond_type', 'is_in_ring']
[GeoGNNModel] bond_float_names:['bond_length']
[GeoGNNModel] bond_angle_float_names:['bond_angle']
train model ...
**Test result:0.5329763986013987

**Test result:0.7114010989010989

**Test result:0.7469030969030969

**Test result:0.8983828671328671

**Test result:0.8754995004995005

**Test result:0.8482548701298701

**Test result:0.8247127872127872

**Test result:0.8905126123876124

