🔧 Command: main.py --dataset clintox --task_type class --seed 1 --gpu 1 --norm 0 --split_type random --batch_size 64 --vib_norm 0
🔧 All print outputs will be saved to: ./LOGS/clintox/complete_output_20250828_183848.log
Device set to : NVIDIA GeForce RTX 4060 Ti
lr:0.001, cl_loss:0.1, cl_loss_num:0, pro_num:1, pool_type:attention, gnn_hidden_dim:256, batch_size:64, norm:0, fusion:3
0: 6.36%, 1: 93.64%
0: 92.42%, 1: 7.58%
[GeoGNNModel] embed_dim:256
[GeoGNNModel] dropout_rate:0.5
[GeoGNNModel] layer_num:8
[GeoGNNModel] readout:mean
[GeoGNNModel] atom_names:['atomic_num', 'formal_charge', 'degree', 'chiral_tag', 'total_numHs', 'is_aromatic', 'hybridization']
[GeoGNNModel] bond_names:['bond_dir', 'bond_type', 'is_in_ring']
[GeoGNNModel] bond_float_names:['bond_length']
[GeoGNNModel] bond_angle_float_names:['bond_angle']
train model ...
**Test result:0.7281356564364877

**Test result:0.7560235507246376

**Test result:0.7863331202046037

**Test result:0.8935688405797102

**Test result:0.8574355285592499

**Test result:0.904656862745098

**Test result:0.8884164535379369

**Test result:0.8949088874680307

**Test result:0.8992274083546461

**Test result:0.9224371270247229

**Test result:0.8578031756180733

