🔧 Command: main.py --dataset clintox --task_type class --seed 1 --gpu 1 --norm 0 --split_type random --batch_size 64 --vib_norm 0
🔧 All print outputs will be saved to: ./LOGS/clintox/complete_output_20250828_125312.log
Device set to : NVIDIA GeForce RTX 4060 Ti
lr:0.001, cl_loss:0.1, cl_loss_num:0, pro_num:1, pool_type:attention, gnn_hidden_dim:256, batch_size:64, norm:0, fusion:3
0: 6.36%, 1: 93.64%
0: 92.42%, 1: 7.58%
[GeoGNNModel] embed_dim:256
[GeoGNNModel] dropout_rate:0.5
[GeoGNNModel] layer_num:8
[GeoGNNModel] readout:mean
[GeoGNNModel] atom_names:['atomic_num', 'formal_charge', 'degree', 'chiral_tag', 'total_numHs', 'is_aromatic', 'hybridization']
[GeoGNNModel] bond_names:['bond_dir', 'bond_type', 'is_in_ring']
[GeoGNNModel] bond_float_names:['bond_length']
[GeoGNNModel] bond_angle_float_names:['bond_angle']
train model ...
**Test result:0.5426257459505541

**Test result:0.5922421142369991

**Test result:0.6495044757033248

**Test result:0.723529411764706

**Test result:0.7549072890025575

**Test result:0.7980871696504688

**Test result:0.7227781329923273

**Test result:0.8422740835464619

**Test result:0.8699701619778346

**Test result:0.7983669011082694

**Test result:0.8720614876385336

**Test result:0.8517796248934356

**Test result:0.8723412190963342

**Test result:0.7999280690537084

**Test result:0.8576300085251493

**Test result:0.9049365942028985

