🔧 Command: main.py --dataset tox21 --task_type class --seed 2025 --gpu 0 --norm 0 --split_type random --batch_size 32 --vib_norm 0
🔧 All print outputs will be saved to: ./LOGS/tox21/complete_output_20250828_231702.log
Device set to : NVIDIA GeForce RTX 4060 Ti
lr:0.001, cl_loss:0.1, cl_loss_num:0, pro_num:1, pool_type:attention, gnn_hidden_dim:256, batch_size:32, norm:0, fusion:3
0: 95.75%, 1: 4.25%
0: 96.49%, 1: 3.51%
0: 88.27%, 1: 11.73%
0: 94.85%, 1: 5.15%
0: 87.20%, 1: 12.80%
0: 94.97%, 1: 5.03%
0: 97.12%, 1: 2.88%
0: 83.85%, 1: 16.15%
0: 96.27%, 1: 3.73%
0: 94.25%, 1: 5.75%
0: 84.20%, 1: 15.80%
0: 93.76%, 1: 6.24%
[GeoGNNModel] embed_dim:256
[GeoGNNModel] dropout_rate:0.5
[GeoGNNModel] layer_num:8
[GeoGNNModel] readout:mean
[GeoGNNModel] atom_names:['atomic_num', 'formal_charge', 'degree', 'chiral_tag', 'total_numHs', 'is_aromatic', 'hybridization']
[GeoGNNModel] bond_names:['bond_dir', 'bond_type', 'is_in_ring']
[GeoGNNModel] bond_float_names:['bond_length']
[GeoGNNModel] bond_angle_float_names:['bond_angle']
train model ...
**Test result:0.6658645086532995

**Test result:0.6991258982950699

**Test result:0.7255596038613272

**Test result:0.7476474453453125

**Test result:0.7411548290847811

**Test result:0.7715047754202654

**Test result:0.7728889311641273

**Test result:0.7768392272373218

**Test result:0.7817871774184332

**Test result:0.789411609492981

**Test result:0.7824832918148918

**Test result:0.7781380245056163

**Test result:0.7959749097050907

**Test result:0.7953625956965839

**Test result:0.8060382554593817

**Test result:0.797223632655763

**Test result:0.8042088848411555

**Test result:0.8112785055551012

**Test result:0.8086230932949996

**Test result:0.8060757421207119

**Test result:0.8119166263989529

**Test result:0.8055277290694809

**Test result:0.7980241636662372

