🔧 Command: main.py --dataset tox21 --task_type class --seed 1 --gpu 1 --norm 0 --split_type random --batch_size 64 --vib_norm 0
🔧 All print outputs will be saved to: ./LOGS/tox21/complete_output_20250828_150013.log
Device set to : NVIDIA GeForce RTX 4060 Ti
lr:0.001, cl_loss:0.1, cl_loss_num:0, pro_num:1, pool_type:attention, gnn_hidden_dim:256, batch_size:64, norm:0, fusion:3
0: 95.75%, 1: 4.25%
0: 96.49%, 1: 3.51%
0: 88.27%, 1: 11.73%
0: 94.85%, 1: 5.15%
0: 87.20%, 1: 12.80%
0: 94.97%, 1: 5.03%
0: 97.12%, 1: 2.88%
0: 83.85%, 1: 16.15%
0: 96.27%, 1: 3.73%
0: 94.25%, 1: 5.75%
0: 84.20%, 1: 15.80%
0: 93.76%, 1: 6.24%
[GeoGNNModel] embed_dim:256
[GeoGNNModel] dropout_rate:0.5
[GeoGNNModel] layer_num:8
[GeoGNNModel] readout:mean
[GeoGNNModel] atom_names:['atomic_num', 'formal_charge', 'degree', 'chiral_tag', 'total_numHs', 'is_aromatic', 'hybridization']
[GeoGNNModel] bond_names:['bond_dir', 'bond_type', 'is_in_ring']
[GeoGNNModel] bond_float_names:['bond_length']
[GeoGNNModel] bond_angle_float_names:['bond_angle']
train model ...
**Test result:0.6360319744539454

**Test result:0.6605350120184877

**Test result:0.7119224381145862

**Test result:0.7440161503617557

**Test result:0.7437114276104805

**Test result:0.7538823048312836

**Test result:0.7500537862554322

**Test result:0.7686799493537211

**Test result:0.7786394570034477

**Test result:0.7828768230933245

**Test result:0.7833127107108394

**Test result:0.7722826815728503

**Test result:0.7823917139614268

**Test result:0.7951408859346375

**Test result:0.7799204006044006

**Test result:0.7775462129336295

**Test result:0.7922534228135523

**Test result:0.8011368488652679

**Test result:0.8054934815082246

**Test result:0.7998861561054081

**Test result:0.8045228298953253

**Test result:0.8018470472051442

**Test result:0.7993911103972685

**Test result:0.7956611033948731

**Test result:0.7983045327381748

**Test result:0.8006199642976317

**Test result:0.8030825066049133

**Test result:0.802438734981349

**Test result:0.806059202344156

**Test result:0.7916727611082659

