🔧 Command: main.py --dataset tox21 --task_type class --seed 1 --gpu 0 --norm 0 --split_type random --batch_size 32 --vib_norm 0
🔧 All print outputs will be saved to: ./LOGS/tox21/complete_output_20250828_211939.log
Device set to : NVIDIA GeForce RTX 4060 Ti
lr:0.001, cl_loss:0.1, cl_loss_num:0, pro_num:1, pool_type:attention, gnn_hidden_dim:256, batch_size:32, norm:0, fusion:3
0: 95.75%, 1: 4.25%
0: 96.49%, 1: 3.51%
0: 88.27%, 1: 11.73%
0: 94.85%, 1: 5.15%
0: 87.20%, 1: 12.80%
0: 94.97%, 1: 5.03%
0: 97.12%, 1: 2.88%
0: 83.85%, 1: 16.15%
0: 96.27%, 1: 3.73%
0: 94.25%, 1: 5.75%
0: 84.20%, 1: 15.80%
0: 93.76%, 1: 6.24%
[GeoGNNModel] embed_dim:256
[GeoGNNModel] dropout_rate:0.5
[GeoGNNModel] layer_num:8
[GeoGNNModel] readout:mean
[GeoGNNModel] atom_names:['atomic_num', 'formal_charge', 'degree', 'chiral_tag', 'total_numHs', 'is_aromatic', 'hybridization']
[GeoGNNModel] bond_names:['bond_dir', 'bond_type', 'is_in_ring']
[GeoGNNModel] bond_float_names:['bond_length']
[GeoGNNModel] bond_angle_float_names:['bond_angle']
train model ...
**Test result:0.6265868198664185

**Test result:0.6842223084987585

**Test result:0.7074385404737629

**Test result:0.7380108691488534

**Test result:0.7299305211597011

**Test result:0.7494350865438938

**Test result:0.7613051008781366

**Test result:0.7662395957322258

**Test result:0.7678142954558022

**Test result:0.7669298869400832

**Test result:0.7855167522924543

**Test result:0.7822660770577993

**Test result:0.7856439097779225

**Test result:0.7830970184375845

**Test result:0.7894379089584856

**Test result:0.7915477239357335

**Test result:0.7932266861981123

**Test result:0.8050452149397614

**Test result:0.8090382848558132

**Test result:0.8081154483691247

**Test result:0.8045651941799027

