🔧 Command: main.py --dataset tox21 --task_type class --seed 1 --gpu 1 --norm 0 --split_type random --batch_size 64 --vib_norm 0
🔧 All print outputs will be saved to: ./LOGS/tox21/complete_output_20250828_204606.log
Device set to : NVIDIA GeForce RTX 4060 Ti
lr:0.001, cl_loss:0.1, cl_loss_num:0, pro_num:1, pool_type:attention, gnn_hidden_dim:256, batch_size:64, norm:0, fusion:3
0: 95.75%, 1: 4.25%
0: 96.49%, 1: 3.51%
0: 88.27%, 1: 11.73%
0: 94.85%, 1: 5.15%
0: 87.20%, 1: 12.80%
0: 94.97%, 1: 5.03%
0: 97.12%, 1: 2.88%
0: 83.85%, 1: 16.15%
0: 96.27%, 1: 3.73%
0: 94.25%, 1: 5.75%
0: 84.20%, 1: 15.80%
0: 93.76%, 1: 6.24%
[GeoGNNModel] embed_dim:256
[GeoGNNModel] dropout_rate:0.5
[GeoGNNModel] layer_num:8
[GeoGNNModel] readout:mean
[GeoGNNModel] atom_names:['atomic_num', 'formal_charge', 'degree', 'chiral_tag', 'total_numHs', 'is_aromatic', 'hybridization']
[GeoGNNModel] bond_names:['bond_dir', 'bond_type', 'is_in_ring']
[GeoGNNModel] bond_float_names:['bond_length']
[GeoGNNModel] bond_angle_float_names:['bond_angle']
train model ...
**Test result:0.65898658699648

**Test result:0.6693665259890323

**Test result:0.703021457607429

**Test result:0.7304207527630502

**Test result:0.746044607256663

**Test result:0.7533579169259063

**Test result:0.7586658647114765

**Test result:0.7628269834535559

**Test result:0.7711903867467012

**Test result:0.7716447724053243

**Test result:0.7813267345391172

**Test result:0.7927150965562159

**Test result:0.7797211271736951

**Test result:0.789502279733059

**Test result:0.7928339147325066

**Test result:0.7808439523051628

**Test result:0.7962706949259727

**Test result:0.8114861202477575

**Test result:0.809575748858869

**Test result:0.809519308618664

**Test result:0.8045039288594666

**Test result:0.8113076005362356

**Test result:0.817754819146122

**Test result:0.8158052703475144

