🔧 Command: main.py --dataset tox21 --task_type class --seed 1 --gpu 0 --norm 0 --split_type random --batch_size 32 --vib_norm 0
🔧 All print outputs will be saved to: ./LOGS/tox21/complete_output_20250828_145410.log
Device set to : NVIDIA GeForce RTX 4060 Ti
lr:0.001, cl_loss:0.1, cl_loss_num:0, pro_num:1, pool_type:attention, gnn_hidden_dim:256, batch_size:32, norm:0, fusion:3
0: 95.75%, 1: 4.25%
0: 96.49%, 1: 3.51%
0: 88.27%, 1: 11.73%
0: 94.85%, 1: 5.15%
0: 87.20%, 1: 12.80%
0: 94.97%, 1: 5.03%
0: 97.12%, 1: 2.88%
0: 83.85%, 1: 16.15%
0: 96.27%, 1: 3.73%
0: 94.25%, 1: 5.75%
0: 84.20%, 1: 15.80%
0: 93.76%, 1: 6.24%
[GeoGNNModel] embed_dim:256
[GeoGNNModel] dropout_rate:0.5
[GeoGNNModel] layer_num:8
[GeoGNNModel] readout:mean
[GeoGNNModel] atom_names:['atomic_num', 'formal_charge', 'degree', 'chiral_tag', 'total_numHs', 'is_aromatic', 'hybridization']
[GeoGNNModel] bond_names:['bond_dir', 'bond_type', 'is_in_ring']
[GeoGNNModel] bond_float_names:['bond_length']
[GeoGNNModel] bond_angle_float_names:['bond_angle']
train model ...
**Test result:0.616594671823078

**Test result:0.6817966739182107

**Test result:0.6894309164061824

**Test result:0.7036364837106354

**Test result:0.7385526067784988

**Test result:0.7575521715826965

**Test result:0.7584663380008935

**Test result:0.7572894414143406

**Test result:0.7674790461216059

**Test result:0.7746877456910647

**Test result:0.7830638451625074

**Test result:0.7880749610734524

**Test result:0.7866801315665232

**Test result:0.7861459393265461

**Test result:0.7953270376936216

**Test result:0.8072582061178784

**Test result:0.7999861465882611

**Test result:0.8043865821037288

**Test result:0.7982782629393493

**Test result:0.8019880642336862

**Test result:0.8053990061840922

**Test result:0.8065689227215337

**Test result:0.8124713837488864

**Test result:0.8129007948285522

**Test result:0.8132319199675181

**Test result:0.7926185336616088

