🔧 Command: main.py --dataset tox21 --task_type class --seed 2025 --gpu 1 --norm 0 --split_type random --batch_size 64 --vib_norm 0
🔧 All print outputs will be saved to: ./LOGS/tox21/complete_output_20250828_161533.log
Device set to : NVIDIA GeForce RTX 4060 Ti
lr:0.001, cl_loss:0.1, cl_loss_num:0, pro_num:1, pool_type:attention, gnn_hidden_dim:256, batch_size:64, norm:0, fusion:3
0: 95.75%, 1: 4.25%
0: 96.49%, 1: 3.51%
0: 88.27%, 1: 11.73%
0: 94.85%, 1: 5.15%
0: 87.20%, 1: 12.80%
0: 94.97%, 1: 5.03%
0: 97.12%, 1: 2.88%
0: 83.85%, 1: 16.15%
0: 96.27%, 1: 3.73%
0: 94.25%, 1: 5.75%
0: 84.20%, 1: 15.80%
0: 93.76%, 1: 6.24%
[GeoGNNModel] embed_dim:256
[GeoGNNModel] dropout_rate:0.5
[GeoGNNModel] layer_num:8
[GeoGNNModel] readout:mean
[GeoGNNModel] atom_names:['atomic_num', 'formal_charge', 'degree', 'chiral_tag', 'total_numHs', 'is_aromatic', 'hybridization']
[GeoGNNModel] bond_names:['bond_dir', 'bond_type', 'is_in_ring']
[GeoGNNModel] bond_float_names:['bond_length']
[GeoGNNModel] bond_angle_float_names:['bond_angle']
train model ...
**Test result:0.6852223541959027

**Test result:0.7060907232810814

**Test result:0.7215681291521104

**Test result:0.7235316549770522

**Test result:0.7441585873430155

**Test result:0.7579191010933353

**Test result:0.7698839190586724

**Test result:0.783637375547344

**Test result:0.7776328282021643

**Test result:0.7787146462229663

**Test result:0.7965692651409232

**Test result:0.7847620091940487

**Test result:0.7899762939148632

**Test result:0.79950890004597

**Test result:0.8037128502709031

**Test result:0.8018453769222625

**Test result:0.7998401102443601

**Test result:0.8065642664020807

**Test result:0.7955195263816627

**Test result:0.7941154608304019

**Test result:0.7933591026014467

**Test result:0.7996117993467545

**Test result:0.7970192306409035

**Test result:0.8007877339825001

**Test result:0.811715677531518

**Test result:0.8090908080465679

**Test result:0.8003199092969431

**Test result:0.7761487702723483

**Test result:0.7939582088779517

