🔧 Command: main.py --dataset bace --task_type class --seed 1 --gpu 1 --norm 0 --split_type random --batch_size 64 --vib_norm 0
🔧 All print outputs will be saved to: ./LOGS/bace/complete_output_20250828_114053.log
Device set to : NVIDIA GeForce RTX 4060 Ti
lr:0.001, cl_loss:0.1, cl_loss_num:0, pro_num:1, pool_type:attention, gnn_hidden_dim:256, batch_size:64, norm:0, fusion:3
0: 54.33%, 1: 45.67%
[GeoGNNModel] embed_dim:256
[GeoGNNModel] dropout_rate:0.5
[GeoGNNModel] layer_num:8
[GeoGNNModel] readout:mean
[GeoGNNModel] atom_names:['atomic_num', 'formal_charge', 'degree', 'chiral_tag', 'total_numHs', 'is_aromatic', 'hybridization']
[GeoGNNModel] bond_names:['bond_dir', 'bond_type', 'is_in_ring']
[GeoGNNModel] bond_float_names:['bond_length']
[GeoGNNModel] bond_angle_float_names:['bond_angle']
train model ...
**Test result:0.6823508522727273

**Test result:0.7333096590909091

**Test result:0.767578125

**Test result:0.779296875

**Test result:0.8080610795454546

**Test result:0.8126775568181819

**Test result:0.8204900568181819

**Test result:0.859375

**Test result:0.8508522727272727

**Test result:0.8540482954545454

**Test result:0.8694069602272727

**Test result:0.8703835227272727

**Test result:0.8572443181818182

**Test result:0.8662109375

**Test result:0.8674538352272727

**Test result:0.8718039772727273

**Test result:0.8746448863636364

**Test result:0.8785511363636365

**Test result:0.869140625

