🔧 Command: main.py --dataset bace --task_type class --seed 1 --gpu 1 --norm 0 --split_type random --batch_size 64 --vib_norm 0
🔧 All print outputs will be saved to: ./LOGS/bace/complete_output_20250828_112137.log
Device set to : NVIDIA GeForce RTX 4060 Ti
lr:0.001, cl_loss:0.1, cl_loss_num:0, pro_num:1, pool_type:attention, gnn_hidden_dim:256, batch_size:64, norm:0, fusion:3
0: 54.33%, 1: 45.67%
[GeoGNNModel] embed_dim:256
[GeoGNNModel] dropout_rate:0.5
[GeoGNNModel] layer_num:8
[GeoGNNModel] readout:mean
[GeoGNNModel] atom_names:['atomic_num', 'formal_charge', 'degree', 'chiral_tag', 'total_numHs', 'is_aromatic', 'hybridization']
[GeoGNNModel] bond_names:['bond_dir', 'bond_type', 'is_in_ring']
[GeoGNNModel] bond_float_names:['bond_length']
[GeoGNNModel] bond_angle_float_names:['bond_angle']
train model ...
**Test result:0.6118607954545454

**Test result:0.6505681818181819

**Test result:0.748046875

**Test result:0.7823153409090909

**Test result:0.8077059659090908

**Test result:0.7959872159090909

**Test result:0.8084161931818182

**Test result:0.8464133522727272

**Test result:0.8377130681818182

**Test result:0.8673650568181819

**Test result:0.8629261363636364

**Test result:0.8742897727272728

**Test result:0.8764204545454546

**Test result:0.8785511363636364

**Test result:0.8833451704545453

**Test result:0.8815696022727273

**Test result:0.8712713068181819

**Test result:0.8863636363636364

**Test result:0.8805042613636365

**Test result:0.8755326704545454

**Test result:0.8803267045454545

**Test result:0.8826349431818181

