🔧 Command: main.py --dataset bace --task_type class --seed 2025 --gpu 1 --norm 0 --split_type random --batch_size 64 --vib_norm 0
🔧 All print outputs will be saved to: ./LOGS/bace/complete_output_20250828_115632.log
Device set to : NVIDIA GeForce RTX 4060 Ti
lr:0.001, cl_loss:0.1, cl_loss_num:0, pro_num:1, pool_type:attention, gnn_hidden_dim:256, batch_size:64, norm:0, fusion:3
0: 54.33%, 1: 45.67%
[GeoGNNModel] embed_dim:256
[GeoGNNModel] dropout_rate:0.5
[GeoGNNModel] layer_num:8
[GeoGNNModel] readout:mean
[GeoGNNModel] atom_names:['atomic_num', 'formal_charge', 'degree', 'chiral_tag', 'total_numHs', 'is_aromatic', 'hybridization']
[GeoGNNModel] bond_names:['bond_dir', 'bond_type', 'is_in_ring']
[GeoGNNModel] bond_float_names:['bond_length']
[GeoGNNModel] bond_angle_float_names:['bond_angle']
train model ...
**Test result:0.6425974025974026

**Test result:0.7579220779220779

**Test result:0.8273593073593073

**Test result:0.7781818181818181

**Test result:0.8367099567099567

**Test result:0.8273593073593073

**Test result:0.8219913419913419

**Test result:0.8332467532467532

**Test result:0.836883116883117

**Test result:0.8488311688311689

**Test result:0.8638961038961039

**Test result:0.8590476190476191

**Test result:0.8767099567099568

**Test result:0.8857142857142858

**Test result:0.8652813852813852

**Test result:0.8651082251082252

**Test result:0.8978354978354979

**Test result:0.9037229437229438

**Test result:0.9032034632034632

**Test result:0.9153246753246753

**Test result:0.9028571428571428

**Test result:0.9243290043290043

**Test result:0.9206926406926408

**Test result:0.921038961038961

