🔧 All print outputs will be saved to: ./LOGS/bace/complete_output_20250710_064126.log
Device set to : NVIDIA GeForce RTX 4060 Ti
lr:0.0003, cl_loss:0.1, cl_loss_num:0, pro_num:1, pool_type:attention, gnn_hidden_dim:256, batch_size:32, norm:0, fusion:3
0: 54.33%, 1: 45.67%
[GeoGNNModel] embed_dim:256
[GeoGNNModel] dropout_rate:0.5
[GeoGNNModel] layer_num:8
[GeoGNNModel] readout:mean
[GeoGNNModel] atom_names:['atomic_num', 'formal_charge', 'degree', 'chiral_tag', 'total_numHs', 'is_aromatic', 'hybridization']
[GeoGNNModel] bond_names:['bond_dir', 'bond_type', 'is_in_ring']
[GeoGNNModel] bond_float_names:['bond_length']
[GeoGNNModel] bond_angle_float_names:['bond_angle']
train model ...
Train - epoch:0, All Loss: 29.9217, Lab Loss: 27.1352, Recon Loss: 9.3304
Val   - epoch:0, All Loss: 4.0264, Lab Loss: 3.3168, Recon Loss: 3.0849, Result: 0.62032
*****************************************************************************Test result:0.6107954545454545********

Train - epoch:1, All Loss: 28.7424, Lab Loss: 26.3370, Recon Loss: 7.4983
Val   - epoch:1, All Loss: 3.6079, Lab Loss: 3.4533, Recon Loss: 0.4363, Result: 0.68431
*****************************************************************************Test result:0.6685014204545454********

Train - epoch:2, All Loss: 24.9196, Lab Loss: 24.2235, Recon Loss: 1.7260
Val   - epoch:2, All Loss: 3.0928, Lab Loss: 3.0220, Recon Loss: 0.1355, Result: 0.74848
*****************************************************************************Test result:0.734375********

Train - epoch:3, All Loss: 24.2893, Lab Loss: 23.6783, Recon Loss: 1.3865
Val   - epoch:3, All Loss: 2.8463, Lab Loss: 2.7885, Recon Loss: 0.1269, Result: 0.80749
*****************************************************************************Test result:0.7982954545454546********

Train - epoch:4, All Loss: 22.9538, Lab Loss: 22.4621, Recon Loss: 1.0231
Val   - epoch:4, All Loss: 2.7628, Lab Loss: 2.6993, Recon Loss: 0.1026, Result: 0.81872
*****************************************************************************Test result:0.8190696022727273********

Train - epoch:5, All Loss: 21.6478, Lab Loss: 21.2360, Recon Loss: 0.7193
Val   - epoch:5, All Loss: 3.0395, Lab Loss: 2.9808, Recon Loss: 0.0869, Result: 0.81996
*****************************************************************************Test result:0.8272372159090909********

Train - epoch:6, All Loss: 21.9904, Lab Loss: 21.4839, Recon Loss: 0.5913
Val   - epoch:6, All Loss: 2.7284, Lab Loss: 2.6594, Recon Loss: 0.0848, Result: 0.81444
Train - epoch:7, All Loss: 20.8661, Lab Loss: 20.4337, Recon Loss: 0.5652
Val   - epoch:7, All Loss: 3.0464, Lab Loss: 2.9848, Recon Loss: 0.0742, Result: 0.80321
Train - epoch:8, All Loss: 20.4404, Lab Loss: 19.9676, Recon Loss: 0.6879
Val   - epoch:8, All Loss: 2.5188, Lab Loss: 2.4463, Recon Loss: 0.1020, Result: 0.84403
*****************************************************************************Test result:0.8481889204545455********

Train - epoch:9, All Loss: 19.5790, Lab Loss: 19.1283, Recon Loss: 0.5448
Val   - epoch:9, All Loss: 3.3661, Lab Loss: 3.2971, Recon Loss: 0.0870, Result: 0.79804
Train - epoch:10, All Loss: 20.3254, Lab Loss: 19.8464, Recon Loss: 0.5221
Val   - epoch:10, All Loss: 2.2962, Lab Loss: 2.2447, Recon Loss: 0.0531, Result: 0.87130
*****************************************************************************Test result:0.8647017045454546********

Train - epoch:11, All Loss: 17.9724, Lab Loss: 17.5821, Recon Loss: 0.4367
Val   - epoch:11, All Loss: 2.4927, Lab Loss: 2.4419, Recon Loss: 0.0872, Result: 0.87201
*****************************************************************************Test result:0.8693181818181818********

Train - epoch:12, All Loss: 16.8981, Lab Loss: 16.5389, Recon Loss: 0.4985
Val   - epoch:12, All Loss: 2.7223, Lab Loss: 2.6532, Recon Loss: 0.1026, Result: 0.87950
*****************************************************************************Test result:0.8744673295454545********

Train - epoch:13, All Loss: 17.0719, Lab Loss: 16.6752, Recon Loss: 0.4910
Val   - epoch:13, All Loss: 2.0662, Lab Loss: 2.0248, Recon Loss: 0.0485, Result: 0.91016
*****************************************************************************Test result:0.8822798295454546********

Train - epoch:14, All Loss: 16.8142, Lab Loss: 16.4908, Recon Loss: 0.3875
Val   - epoch:14, All Loss: 2.0898, Lab Loss: 2.0525, Recon Loss: 0.0438, Result: 0.88681
Train - epoch:15, All Loss: 15.0900, Lab Loss: 14.7605, Recon Loss: 0.4063
Val   - epoch:15, All Loss: 2.0775, Lab Loss: 2.0358, Recon Loss: 0.0555, Result: 0.89822
Train - epoch:16, All Loss: 15.9464, Lab Loss: 15.5709, Recon Loss: 0.6139
Val   - epoch:16, All Loss: 2.0953, Lab Loss: 2.0517, Recon Loss: 0.0608, Result: 0.89679
Train - epoch:17, All Loss: 14.6731, Lab Loss: 14.3190, Recon Loss: 0.4982
Val   - epoch:17, All Loss: 2.3560, Lab Loss: 2.3024, Recon Loss: 0.0693, Result: 0.88467
Train - epoch:18, All Loss: 13.2601, Lab Loss: 12.9140, Recon Loss: 0.4226
Val   - epoch:18, All Loss: 2.6861, Lab Loss: 2.6416, Recon Loss: 0.0541, Result: 0.88681
Train - epoch:19, All Loss: 15.3717, Lab Loss: 15.0298, Recon Loss: 0.5075
Val   - epoch:19, All Loss: 2.1639, Lab Loss: 2.1166, Recon Loss: 0.0671, Result: 0.90089
Train - epoch:20, All Loss: 13.2959, Lab Loss: 12.9413, Recon Loss: 0.4719
Val   - epoch:20, All Loss: 1.9045, Lab Loss: 1.8553, Recon Loss: 0.0976, Result: 0.92335
*****************************************************************************Test result:0.8801491477272728********

Train - epoch:21, All Loss: 12.7722, Lab Loss: 12.4601, Recon Loss: 0.4744
Val   - epoch:21, All Loss: 2.4075, Lab Loss: 2.3707, Recon Loss: 0.0501, Result: 0.90089
Train - epoch:22, All Loss: 11.4121, Lab Loss: 11.1295, Recon Loss: 0.3809
Val   - epoch:22, All Loss: 2.0697, Lab Loss: 2.0333, Recon Loss: 0.0454, Result: 0.91462
Train - epoch:23, All Loss: 11.8828, Lab Loss: 11.5753, Recon Loss: 0.3990
Val   - epoch:23, All Loss: 2.4471, Lab Loss: 2.4060, Recon Loss: 0.0600, Result: 0.87398
Train - epoch:24, All Loss: 16.6961, Lab Loss: 15.8325, Recon Loss: 1.7782
Val   - epoch:24, All Loss: 2.6013, Lab Loss: 2.5067, Recon Loss: 0.2164, Result: 0.86791
Train - epoch:25, All Loss: 15.1909, Lab Loss: 14.4320, Recon Loss: 1.0588
Val   - epoch:25, All Loss: 1.9868, Lab Loss: 1.9346, Recon Loss: 0.0688, Result: 0.90980
Train - epoch:26, All Loss: 11.6823, Lab Loss: 11.2276, Recon Loss: 0.5069
Val   - epoch:26, All Loss: 2.2250, Lab Loss: 2.1774, Recon Loss: 0.0612, Result: 0.89893
Train - epoch:27, All Loss: 10.1966, Lab Loss: 9.8607, Recon Loss: 0.3993
Val   - epoch:27, All Loss: 2.6227, Lab Loss: 2.5806, Recon Loss: 0.0556, Result: 0.89608
Train - epoch:28, All Loss: 10.8110, Lab Loss: 10.4665, Recon Loss: 0.4271
Val   - epoch:28, All Loss: 3.0142, Lab Loss: 2.9642, Recon Loss: 0.0740, Result: 0.89412
Train - epoch:29, All Loss: 10.0319, Lab Loss: 9.6711, Recon Loss: 0.4981
Val   - epoch:29, All Loss: 2.2458, Lab Loss: 2.2057, Recon Loss: 0.0569, Result: 0.90107
Train - epoch:30, All Loss: 8.3804, Lab Loss: 8.0724, Recon Loss: 0.3922
Val   - epoch:30, All Loss: 2.2995, Lab Loss: 2.2608, Recon Loss: 0.0568, Result: 0.89697
Train - epoch:31, All Loss: 8.4426, Lab Loss: 8.1320, Recon Loss: 0.4381
Val   - epoch:31, All Loss: 2.3997, Lab Loss: 2.3599, Recon Loss: 0.0572, Result: 0.89127
Train - epoch:32, All Loss: 8.7682, Lab Loss: 8.4531, Recon Loss: 0.4642
Val   - epoch:32, All Loss: 2.1753, Lab Loss: 2.1405, Recon Loss: 0.0511, Result: 0.88984
Train - epoch:33, All Loss: 8.9592, Lab Loss: 8.6379, Recon Loss: 0.4142
Val   - epoch:33, All Loss: 2.1847, Lab Loss: 2.1480, Recon Loss: 0.0526, Result: 0.90285
Train - epoch:34, All Loss: 9.1125, Lab Loss: 8.8169, Recon Loss: 0.4231
Val   - epoch:34, All Loss: 2.2634, Lab Loss: 2.2217, Recon Loss: 0.0579, Result: 0.91016
Train - epoch:35, All Loss: 9.3320, Lab Loss: 9.0196, Recon Loss: 0.4558
Val   - epoch:35, All Loss: 2.2582, Lab Loss: 2.2194, Recon Loss: 0.0602, Result: 0.87772
Train - epoch:36, All Loss: 9.0380, Lab Loss: 8.7168, Recon Loss: 0.4626
Val   - epoch:36, All Loss: 2.3881, Lab Loss: 2.3534, Recon Loss: 0.0586, Result: 0.87861
Train - epoch:37, All Loss: 9.0416, Lab Loss: 8.7104, Recon Loss: 0.4857
Val   - epoch:37, All Loss: 2.5773, Lab Loss: 2.5228, Recon Loss: 0.1125, Result: 0.88788
Train - epoch:38, All Loss: 6.8719, Lab Loss: 6.4890, Recon Loss: 0.6925
Val   - epoch:38, All Loss: 2.5858, Lab Loss: 2.5351, Recon Loss: 0.0997, Result: 0.88253
Train - epoch:39, All Loss: 6.9543, Lab Loss: 6.5938, Recon Loss: 0.6195
Val   - epoch:39, All Loss: 2.8187, Lab Loss: 2.7740, Recon Loss: 0.0794, Result: 0.89483
Train - epoch:40, All Loss: 6.6804, Lab Loss: 6.3549, Recon Loss: 0.4483
Val   - epoch:40, All Loss: 2.8453, Lab Loss: 2.8002, Recon Loss: 0.0639, Result: 0.87932
Train - epoch:41, All Loss: 5.5066, Lab Loss: 5.1798, Recon Loss: 0.4373
Val   - epoch:41, All Loss: 2.6093, Lab Loss: 2.5715, Recon Loss: 0.0609, Result: 0.89911
Train - epoch:42, All Loss: 4.5615, Lab Loss: 4.2454, Recon Loss: 0.4522
Val   - epoch:42, All Loss: 3.8721, Lab Loss: 3.8272, Recon Loss: 0.0714, Result: 0.87683
Train - epoch:43, All Loss: 7.7821, Lab Loss: 7.4687, Recon Loss: 0.5255
Val   - epoch:43, All Loss: 2.2673, Lab Loss: 2.2295, Recon Loss: 0.0598, Result: 0.89626
Train - epoch:44, All Loss: 6.7738, Lab Loss: 6.4723, Recon Loss: 0.4183
Val   - epoch:44, All Loss: 2.5939, Lab Loss: 2.5565, Recon Loss: 0.0604, Result: 0.89572
Train - epoch:45, All Loss: 5.5479, Lab Loss: 5.2397, Recon Loss: 0.4457
Val   - epoch:45, All Loss: 2.3556, Lab Loss: 2.3209, Recon Loss: 0.0622, Result: 0.88913
Train - epoch:46, All Loss: 5.8309, Lab Loss: 5.5552, Recon Loss: 0.4075
Val   - epoch:46, All Loss: 2.7252, Lab Loss: 2.6883, Recon Loss: 0.0644, Result: 0.89251
Train - epoch:47, All Loss: 4.3091, Lab Loss: 4.0022, Recon Loss: 0.5056
Val   - epoch:47, All Loss: 3.3433, Lab Loss: 3.3044, Recon Loss: 0.0793, Result: 0.87344
Train - epoch:48, All Loss: 3.7807, Lab Loss: 3.4780, Recon Loss: 0.5141
Val   - epoch:48, All Loss: 2.6989, Lab Loss: 2.6621, Recon Loss: 0.0728, Result: 0.88752
Train - epoch:49, All Loss: 3.3824, Lab Loss: 3.0908, Recon Loss: 0.4684
Val   - epoch:49, All Loss: 3.9118, Lab Loss: 3.8712, Recon Loss: 0.0633, Result: 0.87112
Train - epoch:50, All Loss: 4.1353, Lab Loss: 3.8639, Recon Loss: 0.4576
Val   - epoch:50, All Loss: 2.5258, Lab Loss: 2.4933, Recon Loss: 0.0643, Result: 0.90410
Train - epoch:51, All Loss: 4.6437, Lab Loss: 4.3797, Recon Loss: 0.4638
Val   - epoch:51, All Loss: 3.2524, Lab Loss: 3.2137, Recon Loss: 0.0678, Result: 0.88663
Train - epoch:52, All Loss: 3.4132, Lab Loss: 3.1335, Recon Loss: 0.4753
Val   - epoch:52, All Loss: 3.3001, Lab Loss: 3.2663, Recon Loss: 0.0669, Result: 0.89002
Train - epoch:53, All Loss: 6.2510, Lab Loss: 5.6884, Recon Loss: 0.7208
Val   - epoch:53, All Loss: 2.8919, Lab Loss: 2.8143, Recon Loss: 0.0863, Result: 0.89323
Train - epoch:54, All Loss: 4.0925, Lab Loss: 3.4856, Recon Loss: 0.7888
Val   - epoch:54, All Loss: 3.9743, Lab Loss: 3.9104, Recon Loss: 0.1475, Result: 0.90053
Train - epoch:55, All Loss: 5.6299, Lab Loss: 5.2333, Recon Loss: 0.6428
Val   - epoch:55, All Loss: 2.4554, Lab Loss: 2.4139, Recon Loss: 0.0874, Result: 0.88788
Train - epoch:56, All Loss: 5.2835, Lab Loss: 4.9135, Recon Loss: 0.5827
Val   - epoch:56, All Loss: 3.0640, Lab Loss: 3.0222, Recon Loss: 0.0777, Result: 0.89340
Train - epoch:57, All Loss: 3.1985, Lab Loss: 2.8549, Recon Loss: 0.4693
Val   - epoch:57, All Loss: 3.7570, Lab Loss: 3.7179, Recon Loss: 0.0605, Result: 0.89412
Train - epoch:58, All Loss: 2.8479, Lab Loss: 2.5466, Recon Loss: 0.4006
Val   - epoch:58, All Loss: 3.0271, Lab Loss: 2.9917, Recon Loss: 0.0574, Result: 0.89198
Train - epoch:59, All Loss: 2.6081, Lab Loss: 2.3192, Recon Loss: 0.3930
Val   - epoch:59, All Loss: 4.0650, Lab Loss: 4.0301, Recon Loss: 0.0576, Result: 0.88806
Train - epoch:60, All Loss: 3.1939, Lab Loss: 2.9292, Recon Loss: 0.4049
Val   - epoch:60, All Loss: 4.3137, Lab Loss: 4.2786, Recon Loss: 0.0593, Result: 0.88182
Train - epoch:61, All Loss: 2.9758, Lab Loss: 2.7125, Recon Loss: 0.4158
Val   - epoch:61, All Loss: 3.4468, Lab Loss: 3.4164, Recon Loss: 0.0624, Result: 0.88574
Train - epoch:62, All Loss: 2.5067, Lab Loss: 2.2706, Recon Loss: 0.3892
Val   - epoch:62, All Loss: 4.4831, Lab Loss: 4.4524, Recon Loss: 0.0591, Result: 0.88360
Train - epoch:63, All Loss: 2.4894, Lab Loss: 2.2574, Recon Loss: 0.3948
Val   - epoch:63, All Loss: 3.8586, Lab Loss: 3.8284, Recon Loss: 0.0605, Result: 0.89269
Train - epoch:64, All Loss: 2.2847, Lab Loss: 2.0535, Recon Loss: 0.3967
Val   - epoch:64, All Loss: 3.6663, Lab Loss: 3.6366, Recon Loss: 0.0580, Result: 0.90410
Train - epoch:65, All Loss: 1.7348, Lab Loss: 1.5147, Recon Loss: 0.3818
Val   - epoch:65, All Loss: 4.7098, Lab Loss: 4.6797, Recon Loss: 0.0625, Result: 0.89608
Train - epoch:66, All Loss: 1.6200, Lab Loss: 1.4080, Recon Loss: 0.3622
Val   - epoch:66, All Loss: 3.9613, Lab Loss: 3.9354, Recon Loss: 0.0474, Result: 0.90963
Train - epoch:67, All Loss: 1.6921, Lab Loss: 1.4690, Recon Loss: 0.3493
Val   - epoch:67, All Loss: 4.1613, Lab Loss: 4.1245, Recon Loss: 0.0564, Result: 0.89394
Train - epoch:68, All Loss: 1.9953, Lab Loss: 1.6930, Recon Loss: 0.3863
Val   - epoch:68, All Loss: 4.0070, Lab Loss: 3.9674, Recon Loss: 0.0667, Result: 0.88859
Train - epoch:69, All Loss: 1.5597, Lab Loss: 1.2491, Recon Loss: 0.3744
Val   - epoch:69, All Loss: 4.5519, Lab Loss: 4.5161, Recon Loss: 0.0549, Result: 0.89358
Train - epoch:70, All Loss: 2.7978, Lab Loss: 2.5221, Recon Loss: 0.3920
Val   - epoch:70, All Loss: 3.4951, Lab Loss: 3.4627, Recon Loss: 0.0543, Result: 0.88378
Train - epoch:71, All Loss: 1.2283, Lab Loss: 0.9399, Recon Loss: 0.3665
Val   - epoch:71, All Loss: 6.0990, Lab Loss: 6.0593, Recon Loss: 0.0563, Result: 0.77201
Train - epoch:72, All Loss: 1.2913, Lab Loss: 1.0153, Recon Loss: 0.3454
Val   - epoch:72, All Loss: 4.9558, Lab Loss: 4.9242, Recon Loss: 0.0535, Result: 0.84688
Train - epoch:73, All Loss: 1.7626, Lab Loss: 1.5120, Recon Loss: 0.3601
Val   - epoch:73, All Loss: 4.6669, Lab Loss: 4.6350, Recon Loss: 0.0525, Result: 0.87469
Train - epoch:74, All Loss: 1.3139, Lab Loss: 1.0722, Recon Loss: 0.3251
Val   - epoch:74, All Loss: 4.8831, Lab Loss: 4.8525, Recon Loss: 0.0505, Result: 0.86488
Train - epoch:75, All Loss: 1.2004, Lab Loss: 0.9686, Recon Loss: 0.3097
Val   - epoch:75, All Loss: 5.0248, Lab Loss: 4.9950, Recon Loss: 0.0501, Result: 0.87843
Train - epoch:76, All Loss: 1.1616, Lab Loss: 0.9288, Recon Loss: 0.3196
Val   - epoch:76, All Loss: 4.8151, Lab Loss: 4.7865, Recon Loss: 0.0468, Result: 0.89234
Train - epoch:77, All Loss: 0.7854, Lab Loss: 0.5664, Recon Loss: 0.3007
Val   - epoch:77, All Loss: 5.6323, Lab Loss: 5.6046, Recon Loss: 0.0474, Result: 0.86649
Train - epoch:78, All Loss: 0.6158, Lab Loss: 0.4088, Recon Loss: 0.2858
Val   - epoch:78, All Loss: 5.7619, Lab Loss: 5.7355, Recon Loss: 0.0467, Result: 0.87487
Train - epoch:79, All Loss: 0.5675, Lab Loss: 0.3730, Recon Loss: 0.2867
Val   - epoch:79, All Loss: 5.9791, Lab Loss: 5.9538, Recon Loss: 0.0459, Result: 0.86845
Train - epoch:80, All Loss: 1.0599, Lab Loss: 0.8687, Recon Loss: 0.2894
Val   - epoch:80, All Loss: 5.3661, Lab Loss: 5.3408, Recon Loss: 0.0498, Result: 0.88217
Train - epoch:81, All Loss: 0.6798, Lab Loss: 0.4923, Recon Loss: 0.2971
Val   - epoch:81, All Loss: 6.1402, Lab Loss: 6.1148, Recon Loss: 0.0485, Result: 0.85829
Train - epoch:82, All Loss: 0.5095, Lab Loss: 0.3272, Recon Loss: 0.2918
Val   - epoch:82, All Loss: 6.2100, Lab Loss: 6.1850, Recon Loss: 0.0496, Result: 0.86043
Train - epoch:83, All Loss: 0.3673, Lab Loss: 0.1822, Recon Loss: 0.2938
Val   - epoch:83, All Loss: 6.3292, Lab Loss: 6.3057, Recon Loss: 0.0455, Result: 0.88235
Train - epoch:84, All Loss: 0.7079, Lab Loss: 0.5274, Recon Loss: 0.2866
Val   - epoch:84, All Loss: 5.9330, Lab Loss: 5.9081, Recon Loss: 0.0469, Result: 0.86667
Train - epoch:85, All Loss: 0.3144, Lab Loss: 0.1386, Recon Loss: 0.2783
Val   - epoch:85, All Loss: 6.5690, Lab Loss: 6.5461, Recon Loss: 0.0456, Result: 0.86488
Train - epoch:86, All Loss: 0.2958, Lab Loss: 0.1335, Recon Loss: 0.2671
Val   - epoch:86, All Loss: 6.6855, Lab Loss: 6.6635, Recon Loss: 0.0432, Result: 0.85847
Train - epoch:87, All Loss: 0.2735, Lab Loss: 0.1186, Recon Loss: 0.2582
Val   - epoch:87, All Loss: 6.8925, Lab Loss: 6.8716, Recon Loss: 0.0414, Result: 0.84225
Train - epoch:88, All Loss: 0.2517, Lab Loss: 0.0986, Recon Loss: 0.2535
Val   - epoch:88, All Loss: 7.7165, Lab Loss: 7.6945, Recon Loss: 0.0429, Result: 0.79127
Train - epoch:89, All Loss: 4.8419, Lab Loss: 4.5352, Recon Loss: 0.3722
Val   - epoch:89, All Loss: 5.3517, Lab Loss: 5.2996, Recon Loss: 0.0608, Result: 0.85116
Train - epoch:90, All Loss: 4.6292, Lab Loss: 4.1796, Recon Loss: 0.4169
Val   - epoch:90, All Loss: 3.8982, Lab Loss: 3.8520, Recon Loss: 0.0546, Result: 0.86934
Train - epoch:91, All Loss: 2.7572, Lab Loss: 2.3910, Recon Loss: 0.3229
Val   - epoch:91, All Loss: 3.6106, Lab Loss: 3.5671, Recon Loss: 0.0488, Result: 0.89376
Train - epoch:92, All Loss: 2.2443, Lab Loss: 1.8650, Recon Loss: 0.2995
Val   - epoch:92, All Loss: 3.7846, Lab Loss: 3.7464, Recon Loss: 0.0444, Result: 0.89626
Train - epoch:93, All Loss: 0.9001, Lab Loss: 0.5917, Recon Loss: 0.2841
Val   - epoch:93, All Loss: 5.6228, Lab Loss: 5.5895, Recon Loss: 0.0417, Result: 0.88414
Train - epoch:94, All Loss: 0.8939, Lab Loss: 0.6371, Recon Loss: 0.2773
Val   - epoch:94, All Loss: 4.8230, Lab Loss: 4.7927, Recon Loss: 0.0447, Result: 0.89857
Train - epoch:95, All Loss: 0.4616, Lab Loss: 0.2229, Recon Loss: 0.2697
Val   - epoch:95, All Loss: 5.6395, Lab Loss: 5.6128, Recon Loss: 0.0422, Result: 0.88431
Train - epoch:96, All Loss: 0.4390, Lab Loss: 0.2355, Recon Loss: 0.2667
Val   - epoch:96, All Loss: 5.3946, Lab Loss: 5.3702, Recon Loss: 0.0415, Result: 0.89198
Train - epoch:97, All Loss: 0.9837, Lab Loss: 0.7827, Recon Loss: 0.2699
Val   - epoch:97, All Loss: 5.1810, Lab Loss: 5.1548, Recon Loss: 0.0416, Result: 0.88930
Train - epoch:98, All Loss: 0.4548, Lab Loss: 0.2524, Recon Loss: 0.2564
Val   - epoch:98, All Loss: 5.6008, Lab Loss: 5.5771, Recon Loss: 0.0390, Result: 0.87914
Train - epoch:99, All Loss: 0.2421, Lab Loss: 0.0624, Recon Loss: 0.2506
Val   - epoch:99, All Loss: 6.3732, Lab Loss: 6.3508, Recon Loss: 0.0385, Result: 0.87986
Train - epoch:100, All Loss: 0.2088, Lab Loss: 0.0414, Recon Loss: 0.2428
Val   - epoch:100, All Loss: 6.5629, Lab Loss: 6.5416, Recon Loss: 0.0378, Result: 0.88467
Train - epoch:101, All Loss: 0.1911, Lab Loss: 0.0340, Recon Loss: 0.2364
Val   - epoch:101, All Loss: 6.4682, Lab Loss: 6.4479, Recon Loss: 0.0367, Result: 0.88360
Train - epoch:102, All Loss: 0.1810, Lab Loss: 0.0313, Recon Loss: 0.2318
Val   - epoch:102, All Loss: 6.3782, Lab Loss: 6.3587, Recon Loss: 0.0362, Result: 0.88699
Train - epoch:103, All Loss: 0.1717, Lab Loss: 0.0297, Recon Loss: 0.2258
Val   - epoch:103, All Loss: 6.4058, Lab Loss: 6.3871, Recon Loss: 0.0354, Result: 0.88752
Train - epoch:104, All Loss: 0.1640, Lab Loss: 0.0281, Recon Loss: 0.2219
Val   - epoch:104, All Loss: 6.4672, Lab Loss: 6.4491, Recon Loss: 0.0348, Result: 0.89340
Train - epoch:105, All Loss: 0.1569, Lab Loss: 0.0262, Recon Loss: 0.2190
Val   - epoch:105, All Loss: 6.4186, Lab Loss: 6.4014, Recon Loss: 0.0340, Result: 0.89340
Train - epoch:106, All Loss: 0.1481, Lab Loss: 0.0256, Recon Loss: 0.2130
Val   - epoch:106, All Loss: 6.3860, Lab Loss: 6.3696, Recon Loss: 0.0335, Result: 0.89964
Train - epoch:107, All Loss: 0.1420, Lab Loss: 0.0253, Recon Loss: 0.2085
Val   - epoch:107, All Loss: 6.4754, Lab Loss: 6.4595, Recon Loss: 0.0332, Result: 0.89037
Train - epoch:108, All Loss: 0.1360, Lab Loss: 0.0238, Recon Loss: 0.2040
Val   - epoch:108, All Loss: 6.5785, Lab Loss: 6.5632, Recon Loss: 0.0326, Result: 0.90160
Train - epoch:109, All Loss: 0.1310, Lab Loss: 0.0231, Recon Loss: 0.2007
Val   - epoch:109, All Loss: 6.5762, Lab Loss: 6.5614, Recon Loss: 0.0321, Result: 0.89982
Train - epoch:110, All Loss: 0.1264, Lab Loss: 0.0226, Recon Loss: 0.1958
Val   - epoch:110, All Loss: 6.5578, Lab Loss: 6.5435, Recon Loss: 0.0313, Result: 0.90232
Train - epoch:111, All Loss: 0.1218, Lab Loss: 0.0218, Recon Loss: 0.1920
Val   - epoch:111, All Loss: 6.5342, Lab Loss: 6.5205, Recon Loss: 0.0307, Result: 0.90285
Train - epoch:112, All Loss: 0.1175, Lab Loss: 0.0213, Recon Loss: 0.1883
Val   - epoch:112, All Loss: 6.5215, Lab Loss: 6.5082, Recon Loss: 0.0299, Result: 0.90357
Train - epoch:113, All Loss: 0.3576, Lab Loss: 0.2643, Recon Loss: 0.1844
Val   - epoch:113, All Loss: 5.9906, Lab Loss: 5.9769, Recon Loss: 0.0310, Result: 0.89554
Train - epoch:114, All Loss: 0.1243, Lab Loss: 0.0276, Recon Loss: 0.1866
Val   - epoch:114, All Loss: 6.7881, Lab Loss: 6.7746, Recon Loss: 0.0304, Result: 0.89412
Train - epoch:115, All Loss: 0.1134, Lab Loss: 0.0208, Recon Loss: 0.1811
Val   - epoch:115, All Loss: 6.7547, Lab Loss: 6.7417, Recon Loss: 0.0295, Result: 0.89982
Train - epoch:116, All Loss: 0.1101, Lab Loss: 0.0200, Recon Loss: 0.1784
Val   - epoch:116, All Loss: 6.6710, Lab Loss: 6.6584, Recon Loss: 0.0292, Result: 0.90214
Train - epoch:117, All Loss: 0.1069, Lab Loss: 0.0197, Recon Loss: 0.1756
Val   - epoch:117, All Loss: 6.6718, Lab Loss: 6.6595, Recon Loss: 0.0285, Result: 0.90250
