🔧 Command: main.py --dataset bace --task_type class --seed 1 --gpu 1 --norm 0 --split_type random --batch_size 64 --vib_norm 0
🔧 All print outputs will be saved to: ./LOGS/bace/complete_output_20250828_173101.log
Device set to : NVIDIA GeForce RTX 4060 Ti
lr:0.001, cl_loss:0.1, cl_loss_num:0, pro_num:1, pool_type:attention, gnn_hidden_dim:256, batch_size:64, norm:0, fusion:3
0: 54.33%, 1: 45.67%
[GeoGNNModel] embed_dim:256
[GeoGNNModel] dropout_rate:0.5
[GeoGNNModel] layer_num:8
[GeoGNNModel] readout:mean
[GeoGNNModel] atom_names:['atomic_num', 'formal_charge', 'degree', 'chiral_tag', 'total_numHs', 'is_aromatic', 'hybridization']
[GeoGNNModel] bond_names:['bond_dir', 'bond_type', 'is_in_ring']
[GeoGNNModel] bond_float_names:['bond_length']
[GeoGNNModel] bond_angle_float_names:['bond_angle']
train model ...
**Test result:0.6186079545454546

**Test result:0.7144886363636364

**Test result:0.7444957386363635

**Test result:0.7475142045454546

**Test result:0.7780539772727273

**Test result:0.7986505681818181

**Test result:0.8316761363636364

**Test result:0.7940340909090908

**Test result:0.8313210227272727

**Test result:0.8425071022727272

**Test result:0.8558238636363636

**Test result:0.8519176136363636

**Test result:0.8462357954545454

**Test result:0.8647017045454546

**Test result:0.8702059659090909

**Test result:0.8735795454545454

**Test result:0.8629261363636364

**Test result:0.8796164772727273

**Test result:0.8959517045454546

**Test result:0.8957741477272727

**Test result:0.9018110795454546

**Test result:0.8934659090909091

**Test result:0.9005681818181818

**Test result:0.8955965909090909

**Test result:0.8902698863636364

**Test result:0.900390625

**Test result:0.9161931818181818

**Test result:0.9083806818181819

**Test result:0.9115767045454545

**Test result:0.9106889204545454

**Test result:0.9014559659090909

**Test result:0.9240056818181818

