🔧 Command: main.py --dataset bace --task_type class --seed 1 --gpu 1 --norm 0 --split_type random --batch_size 64 --vib_norm 0
🔧 All print outputs will be saved to: ./LOGS/bace/complete_output_20250828_113042.log
Device set to : NVIDIA GeForce RTX 4060 Ti
lr:0.001, cl_loss:0.1, cl_loss_num:0, pro_num:1, pool_type:attention, gnn_hidden_dim:256, batch_size:64, norm:0, fusion:3
0: 54.33%, 1: 45.67%
[GeoGNNModel] embed_dim:256
[GeoGNNModel] dropout_rate:0.5
[GeoGNNModel] layer_num:8
[GeoGNNModel] readout:mean
[GeoGNNModel] atom_names:['atomic_num', 'formal_charge', 'degree', 'chiral_tag', 'total_numHs', 'is_aromatic', 'hybridization']
[GeoGNNModel] bond_names:['bond_dir', 'bond_type', 'is_in_ring']
[GeoGNNModel] bond_float_names:['bond_length']
[GeoGNNModel] bond_angle_float_names:['bond_angle']
train model ...
**Test result:0.6001420454545454

**Test result:0.6573153409090908

**Test result:0.7434303977272728

**Test result:0.7689985795454546

**Test result:0.7908380681818181

**Test result:0.80859375

**Test result:0.8078835227272727

**Test result:0.8528053977272727

**Test result:0.8400213068181819

**Test result:0.8380681818181818

**Test result:0.8551136363636365

**Test result:0.857421875

**Test result:0.8602627840909091

**Test result:0.8497869318181818

**Test result:0.8682528409090909

**Test result:0.8780184659090909

**Test result:0.8908025568181818

