🔧 Command: main.py --dataset bace --task_type class --seed 2025 --gpu 1 --norm 0 --split_type random --batch_size 64 --vib_norm 0
🔧 All print outputs will be saved to: ./LOGS/bace/complete_output_20250828_174216.log
Device set to : NVIDIA GeForce RTX 4060 Ti
lr:0.001, cl_loss:0.1, cl_loss_num:0, pro_num:1, pool_type:attention, gnn_hidden_dim:256, batch_size:64, norm:0, fusion:3
0: 54.33%, 1: 45.67%
[GeoGNNModel] embed_dim:256
[GeoGNNModel] dropout_rate:0.5
[GeoGNNModel] layer_num:8
[GeoGNNModel] readout:mean
[GeoGNNModel] atom_names:['atomic_num', 'formal_charge', 'degree', 'chiral_tag', 'total_numHs', 'is_aromatic', 'hybridization']
[GeoGNNModel] bond_names:['bond_dir', 'bond_type', 'is_in_ring']
[GeoGNNModel] bond_float_names:['bond_length']
[GeoGNNModel] bond_angle_float_names:['bond_angle']
train model ...
**Test result:0.5833766233766234

**Test result:0.6862337662337663

**Test result:0.7993073593073594

**Test result:0.8176623376623376

**Test result:0.8150649350649352

**Test result:0.8400000000000001

**Test result:0.8445021645021644

**Test result:0.8419047619047619

**Test result:0.812813852813853

**Test result:0.8746320346320346

**Test result:0.8716883116883117

**Test result:0.8607792207792208

**Test result:0.873939393939394

**Test result:0.8999134199134199

**Test result:0.896969696969697

**Test result:0.8893506493506492

**Test result:0.9186147186147184

**Test result:0.9196536796536796

