🔧 Command: main.py --dataset bace --task_type class --seed 2025 --gpu 1 --norm 0 --split_type random --batch_size 32 --vib_norm 0
🔧 All print outputs will be saved to: ./LOGS/bace/complete_output_20250831_104109.log
Device set to : NVIDIA GeForce RTX 3060
lr:0.001, cl_loss:0.1, cl_loss_num:0, pro_num:1, pool_type:attention, gnn_hidden_dim:256, batch_size:32, norm:0, fusion:3
0: 54.33%, 1: 45.67%
[GeoGNNModel] embed_dim:256
[GeoGNNModel] dropout_rate:0.5
[GeoGNNModel] layer_num:8
[GeoGNNModel] readout:mean
[GeoGNNModel] atom_names:['atomic_num', 'formal_charge', 'degree', 'chiral_tag', 'total_numHs', 'is_aromatic', 'hybridization']
[GeoGNNModel] bond_names:['bond_dir', 'bond_type', 'is_in_ring']
[GeoGNNModel] bond_float_names:['bond_length']
[GeoGNNModel] bond_angle_float_names:['bond_angle']
train model ...
**Test result:0.5018181818181819

**Test result:0.5627705627705628

**Test result:0.7901298701298702

**Test result:0.8003463203463204

**Test result:0.8380952380952382

**Test result:0.809004329004329

**Test result:0.8446753246753247

