🔧 Command: main.py --dataset bace --task_type class --seed 1 --gpu 1 --norm 0 --split_type random --batch_size 64 --vib_norm 0
🔧 All print outputs will be saved to: ./LOGS/bace/complete_output_20250828_114525.log
Device set to : NVIDIA GeForce RTX 4060 Ti
lr:0.001, cl_loss:0.1, cl_loss_num:0, pro_num:1, pool_type:attention, gnn_hidden_dim:256, batch_size:64, norm:0, fusion:3
0: 54.33%, 1: 45.67%
[GeoGNNModel] embed_dim:256
[GeoGNNModel] dropout_rate:0.5
[GeoGNNModel] layer_num:8
[GeoGNNModel] readout:mean
[GeoGNNModel] atom_names:['atomic_num', 'formal_charge', 'degree', 'chiral_tag', 'total_numHs', 'is_aromatic', 'hybridization']
[GeoGNNModel] bond_names:['bond_dir', 'bond_type', 'is_in_ring']
[GeoGNNModel] bond_float_names:['bond_length']
[GeoGNNModel] bond_angle_float_names:['bond_angle']
train model ...
**Test result:0.603515625

**Test result:0.6905184659090908

**Test result:0.7295809659090908

**Test result:0.7674005681818181

**Test result:0.7872869318181819

**Test result:0.8091264204545454

**Test result:0.7798295454545455

**Test result:0.8174715909090909

**Test result:0.8590198863636364

**Test result:0.8677201704545454

**Test result:0.8675426136363635

**Test result:0.8698508522727273

**Test result:0.8485440340909092

**Test result:0.8609730113636364

**Test result:0.8806818181818182

**Test result:0.8829900568181819

**Test result:0.8806818181818182

**Test result:0.8915127840909091

**Test result:0.8987926136363636

**Test result:0.8979048295454546

**Test result:0.9076704545454546

**Test result:0.9133522727272727

**Test result:0.912109375

**Test result:0.9154829545454546

