🔧 All print outputs will be saved to: ./LOGS/bace/complete_output_20250710_064028.log
Device set to : NVIDIA GeForce RTX 4060 Ti
lr:0.0003, cl_loss:0.1, cl_loss_num:0, pro_num:1, pool_type:attention, gnn_hidden_dim:256, batch_size:32, norm:1, fusion:3
0: 54.33%, 1: 45.67%
[GeoGNNModel] embed_dim:256
[GeoGNNModel] dropout_rate:0.5
[GeoGNNModel] layer_num:8
[GeoGNNModel] readout:mean
[GeoGNNModel] atom_names:['atomic_num', 'formal_charge', 'degree', 'chiral_tag', 'total_numHs', 'is_aromatic', 'hybridization']
[GeoGNNModel] bond_names:['bond_dir', 'bond_type', 'is_in_ring']
[GeoGNNModel] bond_float_names:['bond_length']
[GeoGNNModel] bond_angle_float_names:['bond_angle']
train model ...
Train - epoch:0, All Loss: 42.6093, Lab Loss: 28.3941, Recon Loss: 23.0479
Val   - epoch:0, All Loss: 5.0532, Lab Loss: 3.5966, Recon Loss: 4.6025, Result: 0.63779
*****************************************************************************Test result:0.5680042613636364********

Train - epoch:1, All Loss: 30.4450, Lab Loss: 26.3706, Recon Loss: 4.0761
Val   - epoch:1, All Loss: 4.9543, Lab Loss: 3.5812, Recon Loss: 0.3236, Result: 0.69305
*****************************************************************************Test result:0.6480823863636364********

Train - epoch:2, All Loss: 29.5746, Lab Loss: 26.2773, Recon Loss: 1.7236
Val   - epoch:2, All Loss: 3.5789, Lab Loss: 3.3484, Recon Loss: 0.2438, Result: 0.71836
*****************************************************************************Test result:0.6716974431818181********

Train - epoch:3, All Loss: 27.1261, Lab Loss: 25.6627, Recon Loss: 1.4716
Val   - epoch:3, All Loss: 3.3508, Lab Loss: 3.1841, Recon Loss: 0.1980, Result: 0.72121
*****************************************************************************Test result:0.6809303977272727********

Train - epoch:4, All Loss: 26.4532, Lab Loss: 24.9690, Recon Loss: 1.5510
Val   - epoch:4, All Loss: 3.2321, Lab Loss: 3.0968, Recon Loss: 0.1260, Result: 0.73850
*****************************************************************************Test result:0.6981534090909091********

Train - epoch:5, All Loss: 26.8667, Lab Loss: 24.9222, Recon Loss: 1.1756
Val   - epoch:5, All Loss: 3.3612, Lab Loss: 3.1250, Recon Loss: 0.0758, Result: 0.74652
*****************************************************************************Test result:0.7183948863636364********

Train - epoch:6, All Loss: 25.1100, Lab Loss: 24.1006, Recon Loss: 0.9645
Val   - epoch:6, All Loss: 3.0698, Lab Loss: 2.9896, Recon Loss: 0.1247, Result: 0.76560
*****************************************************************************Test result:0.7349076704545454********

Train - epoch:7, All Loss: 25.7736, Lab Loss: 24.4813, Recon Loss: 0.8297
Val   - epoch:7, All Loss: 3.1098, Lab Loss: 3.0174, Recon Loss: 0.1135, Result: 0.73476
Train - epoch:8, All Loss: 24.5990, Lab Loss: 23.7630, Recon Loss: 0.6762
Val   - epoch:8, All Loss: 3.3083, Lab Loss: 3.1439, Recon Loss: 0.0758, Result: 0.77148
*****************************************************************************Test result:0.7347301136363636********

Train - epoch:9, All Loss: 24.6780, Lab Loss: 23.8175, Recon Loss: 0.4842
Val   - epoch:9, All Loss: 3.1955, Lab Loss: 3.0682, Recon Loss: 0.0913, Result: 0.70802
Train - epoch:10, All Loss: 23.5674, Lab Loss: 22.8562, Recon Loss: 0.6335
Val   - epoch:10, All Loss: 3.0310, Lab Loss: 2.9108, Recon Loss: 0.0893, Result: 0.78182
*****************************************************************************Test result:0.7485795454545455********

Train - epoch:11, All Loss: 24.1951, Lab Loss: 23.3644, Recon Loss: 0.4699
Val   - epoch:11, All Loss: 3.1809, Lab Loss: 3.0817, Recon Loss: 0.0651, Result: 0.77362
Train - epoch:12, All Loss: 23.1932, Lab Loss: 22.6082, Recon Loss: 0.3801
Val   - epoch:12, All Loss: 2.9046, Lab Loss: 2.8212, Recon Loss: 0.0526, Result: 0.78324
*****************************************************************************Test result:0.7523082386363635********

Train - epoch:13, All Loss: 24.0783, Lab Loss: 23.3463, Recon Loss: 0.3707
Val   - epoch:13, All Loss: 3.4154, Lab Loss: 3.2615, Recon Loss: 0.0465, Result: 0.78307
Train - epoch:14, All Loss: 23.7272, Lab Loss: 22.7322, Recon Loss: 0.6320
Val   - epoch:14, All Loss: 3.0880, Lab Loss: 2.9234, Recon Loss: 0.0707, Result: 0.77237
Train - epoch:15, All Loss: 22.3646, Lab Loss: 21.7310, Recon Loss: 0.2723
Val   - epoch:15, All Loss: 2.7432, Lab Loss: 2.6878, Recon Loss: 0.0322, Result: 0.80214
*****************************************************************************Test result:0.7711292613636364********

Train - epoch:16, All Loss: 21.6037, Lab Loss: 21.1548, Recon Loss: 0.2312
Val   - epoch:16, All Loss: 2.9256, Lab Loss: 2.8377, Recon Loss: 0.0720, Result: 0.80838
*****************************************************************************Test result:0.7975852272727273********

Train - epoch:17, All Loss: 23.1297, Lab Loss: 22.1903, Recon Loss: 0.4879
Val   - epoch:17, All Loss: 2.8965, Lab Loss: 2.8104, Recon Loss: 0.0335, Result: 0.79822
Train - epoch:18, All Loss: 21.2328, Lab Loss: 20.7332, Recon Loss: 0.2115
Val   - epoch:18, All Loss: 2.7489, Lab Loss: 2.6694, Recon Loss: 0.0344, Result: 0.81016
*****************************************************************************Test result:0.798828125********

Train - epoch:19, All Loss: 21.8762, Lab Loss: 21.3597, Recon Loss: 0.3271
Val   - epoch:19, All Loss: 2.7907, Lab Loss: 2.7088, Recon Loss: 0.0307, Result: 0.83494
*****************************************************************************Test result:0.8071732954545455********

Train - epoch:20, All Loss: 22.6194, Lab Loss: 22.0482, Recon Loss: 0.2189
Val   - epoch:20, All Loss: 2.9752, Lab Loss: 2.9142, Recon Loss: 0.0192, Result: 0.76346
Train - epoch:21, All Loss: 21.5881, Lab Loss: 21.2230, Recon Loss: 0.1957
Val   - epoch:21, All Loss: 2.9235, Lab Loss: 2.8626, Recon Loss: 0.0341, Result: 0.80357
Train - epoch:22, All Loss: 21.1056, Lab Loss: 20.6898, Recon Loss: 0.2458
Val   - epoch:22, All Loss: 3.0049, Lab Loss: 2.9377, Recon Loss: 0.0772, Result: 0.80178
Train - epoch:23, All Loss: 20.8173, Lab Loss: 20.3447, Recon Loss: 0.3499
Val   - epoch:23, All Loss: 2.9393, Lab Loss: 2.8562, Recon Loss: 0.0635, Result: 0.81640
Train - epoch:24, All Loss: 20.3746, Lab Loss: 19.9320, Recon Loss: 0.2395
Val   - epoch:24, All Loss: 2.5353, Lab Loss: 2.4920, Recon Loss: 0.0217, Result: 0.84189
*****************************************************************************Test result:0.8233309659090909********

Train - epoch:25, All Loss: 20.1547, Lab Loss: 19.7927, Recon Loss: 0.2150
Val   - epoch:25, All Loss: 2.6704, Lab Loss: 2.6087, Recon Loss: 0.0528, Result: 0.84314
*****************************************************************************Test result:0.8295454545454546********

Train - epoch:26, All Loss: 19.8362, Lab Loss: 19.4830, Recon Loss: 0.1579
Val   - epoch:26, All Loss: 2.6530, Lab Loss: 2.6034, Recon Loss: 0.0258, Result: 0.83244
Train - epoch:27, All Loss: 19.1630, Lab Loss: 18.8433, Recon Loss: 0.1178
Val   - epoch:27, All Loss: 2.5523, Lab Loss: 2.5179, Recon Loss: 0.0104, Result: 0.84973
*****************************************************************************Test result:0.8277698863636364********

Train - epoch:28, All Loss: 18.9831, Lab Loss: 18.6827, Recon Loss: 0.1572
Val   - epoch:28, All Loss: 2.5235, Lab Loss: 2.4780, Recon Loss: 0.0159, Result: 0.84866
Train - epoch:29, All Loss: 19.7385, Lab Loss: 19.4240, Recon Loss: 0.1108
Val   - epoch:29, All Loss: 2.4271, Lab Loss: 2.3702, Recon Loss: 0.0394, Result: 0.85526
*****************************************************************************Test result:0.8421519886363636********

Train - epoch:30, All Loss: 19.6096, Lab Loss: 19.1506, Recon Loss: 0.1796
Val   - epoch:30, All Loss: 2.5576, Lab Loss: 2.5006, Recon Loss: 0.0266, Result: 0.84456
Train - epoch:31, All Loss: 19.9076, Lab Loss: 19.5118, Recon Loss: 0.1740
Val   - epoch:31, All Loss: 2.4544, Lab Loss: 2.4074, Recon Loss: 0.0125, Result: 0.85080
Train - epoch:32, All Loss: 18.9893, Lab Loss: 18.6615, Recon Loss: 0.1156
Val   - epoch:32, All Loss: 2.4012, Lab Loss: 2.3582, Recon Loss: 0.0132, Result: 0.84831
Train - epoch:33, All Loss: 19.0223, Lab Loss: 18.7112, Recon Loss: 0.1247
Val   - epoch:33, All Loss: 2.6831, Lab Loss: 2.6393, Recon Loss: 0.0143, Result: 0.82014
Train - epoch:34, All Loss: 18.6120, Lab Loss: 18.2700, Recon Loss: 0.1167
Val   - epoch:34, All Loss: 2.4622, Lab Loss: 2.4198, Recon Loss: 0.0200, Result: 0.84920
Train - epoch:35, All Loss: 19.0729, Lab Loss: 18.7099, Recon Loss: 0.2741
Val   - epoch:35, All Loss: 2.3208, Lab Loss: 2.2769, Recon Loss: 0.0210, Result: 0.85597
*****************************************************************************Test result:0.84375********

Train - epoch:36, All Loss: 18.6004, Lab Loss: 18.2654, Recon Loss: 0.2495
Val   - epoch:36, All Loss: 2.3468, Lab Loss: 2.3011, Recon Loss: 0.0282, Result: 0.85758
*****************************************************************************Test result:0.8441051136363636********

Train - epoch:37, All Loss: 18.4092, Lab Loss: 18.0514, Recon Loss: 0.2306
Val   - epoch:37, All Loss: 2.5368, Lab Loss: 2.4797, Recon Loss: 0.0303, Result: 0.84617
Train - epoch:38, All Loss: 18.0690, Lab Loss: 17.7296, Recon Loss: 0.1282
Val   - epoch:38, All Loss: 2.3769, Lab Loss: 2.3331, Recon Loss: 0.0227, Result: 0.85579
Train - epoch:39, All Loss: 18.5505, Lab Loss: 18.2451, Recon Loss: 0.1834
Val   - epoch:39, All Loss: 2.4662, Lab Loss: 2.4185, Recon Loss: 0.0268, Result: 0.85847
*****************************************************************************Test result:0.8522727272727273********

Train - epoch:40, All Loss: 17.6887, Lab Loss: 17.3150, Recon Loss: 0.2441
Val   - epoch:40, All Loss: 2.3166, Lab Loss: 2.2731, Recon Loss: 0.0245, Result: 0.85918
*****************************************************************************Test result:0.8497869318181819********

Train - epoch:41, All Loss: 17.5673, Lab Loss: 17.2596, Recon Loss: 0.1763
Val   - epoch:41, All Loss: 2.3577, Lab Loss: 2.3148, Recon Loss: 0.0207, Result: 0.85882
Train - epoch:42, All Loss: 18.3142, Lab Loss: 17.8930, Recon Loss: 0.2673
Val   - epoch:42, All Loss: 2.3556, Lab Loss: 2.3107, Recon Loss: 0.0202, Result: 0.87291
*****************************************************************************Test result:0.865234375********

Train - epoch:43, All Loss: 17.0812, Lab Loss: 16.7467, Recon Loss: 0.1471
Val   - epoch:43, All Loss: 2.2457, Lab Loss: 2.2102, Recon Loss: 0.0172, Result: 0.88966
*****************************************************************************Test result:0.8737571022727273********

Train - epoch:44, All Loss: 17.0054, Lab Loss: 16.7111, Recon Loss: 0.1288
Val   - epoch:44, All Loss: 2.3493, Lab Loss: 2.3137, Recon Loss: 0.0126, Result: 0.87540
Train - epoch:45, All Loss: 15.9679, Lab Loss: 15.6771, Recon Loss: 0.1065
Val   - epoch:45, All Loss: 2.1133, Lab Loss: 2.0760, Recon Loss: 0.0157, Result: 0.89447
*****************************************************************************Test result:0.892578125********

Train - epoch:46, All Loss: 16.3189, Lab Loss: 15.9969, Recon Loss: 0.1656
Val   - epoch:46, All Loss: 2.4090, Lab Loss: 2.3655, Recon Loss: 0.0209, Result: 0.88396
Train - epoch:47, All Loss: 16.8470, Lab Loss: 16.4847, Recon Loss: 0.1860
Val   - epoch:47, All Loss: 2.2614, Lab Loss: 2.2124, Recon Loss: 0.0206, Result: 0.89768
*****************************************************************************Test result:0.8702059659090909********

Train - epoch:48, All Loss: 16.3651, Lab Loss: 15.9883, Recon Loss: 0.1488
Val   - epoch:48, All Loss: 2.2118, Lab Loss: 2.1680, Recon Loss: 0.0138, Result: 0.89109
Train - epoch:49, All Loss: 15.1732, Lab Loss: 14.8574, Recon Loss: 0.1409
Val   - epoch:49, All Loss: 2.1714, Lab Loss: 2.1257, Recon Loss: 0.0161, Result: 0.89768
Train - epoch:50, All Loss: 15.5005, Lab Loss: 15.2134, Recon Loss: 0.1201
Val   - epoch:50, All Loss: 2.0575, Lab Loss: 2.0243, Recon Loss: 0.0110, Result: 0.89733
Train - epoch:51, All Loss: 14.8016, Lab Loss: 14.5241, Recon Loss: 0.1344
Val   - epoch:51, All Loss: 2.2116, Lab Loss: 2.1703, Recon Loss: 0.0166, Result: 0.88342
Train - epoch:52, All Loss: 15.2069, Lab Loss: 14.9150, Recon Loss: 0.1710
Val   - epoch:52, All Loss: 1.9862, Lab Loss: 1.9471, Recon Loss: 0.0190, Result: 0.90642
*****************************************************************************Test result:0.8803267045454545********

Train - epoch:53, All Loss: 14.4587, Lab Loss: 14.1442, Recon Loss: 0.1659
Val   - epoch:53, All Loss: 1.9930, Lab Loss: 1.9564, Recon Loss: 0.0134, Result: 0.90499
Train - epoch:54, All Loss: 14.1288, Lab Loss: 13.8496, Recon Loss: 0.1362
Val   - epoch:54, All Loss: 2.0762, Lab Loss: 2.0369, Recon Loss: 0.0166, Result: 0.90784
*****************************************************************************Test result:0.890625********

Train - epoch:55, All Loss: 14.1799, Lab Loss: 13.8858, Recon Loss: 0.1833
Val   - epoch:55, All Loss: 2.2520, Lab Loss: 2.2060, Recon Loss: 0.0285, Result: 0.90838
*****************************************************************************Test result:0.8884943181818182********

Train - epoch:56, All Loss: 14.9258, Lab Loss: 14.5041, Recon Loss: 0.2890
Val   - epoch:56, All Loss: 2.0639, Lab Loss: 2.0107, Recon Loss: 0.0230, Result: 0.90374
Train - epoch:57, All Loss: 13.8908, Lab Loss: 13.5243, Recon Loss: 0.1581
Val   - epoch:57, All Loss: 2.2377, Lab Loss: 2.1950, Recon Loss: 0.0168, Result: 0.89626
Train - epoch:58, All Loss: 13.1227, Lab Loss: 12.8067, Recon Loss: 0.1506
Val   - epoch:58, All Loss: 2.0403, Lab Loss: 2.0019, Recon Loss: 0.0181, Result: 0.90838
Train - epoch:59, All Loss: 12.6360, Lab Loss: 12.3453, Recon Loss: 0.1402
Val   - epoch:59, All Loss: 2.0506, Lab Loss: 2.0108, Recon Loss: 0.0184, Result: 0.91123
*****************************************************************************Test result:0.8948863636363636********

Train - epoch:60, All Loss: 13.2548, Lab Loss: 12.9595, Recon Loss: 0.2015
Val   - epoch:60, All Loss: 2.1007, Lab Loss: 2.0602, Recon Loss: 0.0182, Result: 0.90963
Train - epoch:61, All Loss: 13.1245, Lab Loss: 12.8331, Recon Loss: 0.1418
Val   - epoch:61, All Loss: 2.1015, Lab Loss: 2.0615, Recon Loss: 0.0174, Result: 0.89804
Train - epoch:62, All Loss: 12.1334, Lab Loss: 11.8402, Recon Loss: 0.1286
Val   - epoch:62, All Loss: 2.2369, Lab Loss: 2.2011, Recon Loss: 0.0174, Result: 0.88057
Train - epoch:63, All Loss: 11.9589, Lab Loss: 11.6832, Recon Loss: 0.1391
Val   - epoch:63, All Loss: 2.1431, Lab Loss: 2.1059, Recon Loss: 0.0165, Result: 0.90820
Train - epoch:64, All Loss: 11.1831, Lab Loss: 10.9093, Recon Loss: 0.1497
Val   - epoch:64, All Loss: 1.9354, Lab Loss: 1.8995, Recon Loss: 0.0199, Result: 0.91783
*****************************************************************************Test result:0.9037642045454546********

Train - epoch:65, All Loss: 10.8426, Lab Loss: 10.5524, Recon Loss: 0.1817
Val   - epoch:65, All Loss: 2.0316, Lab Loss: 1.9987, Recon Loss: 0.0247, Result: 0.90250
Train - epoch:66, All Loss: 10.9326, Lab Loss: 10.6606, Recon Loss: 0.1693
Val   - epoch:66, All Loss: 2.0847, Lab Loss: 2.0523, Recon Loss: 0.0222, Result: 0.90125
Train - epoch:67, All Loss: 10.7013, Lab Loss: 10.4355, Recon Loss: 0.1740
Val   - epoch:67, All Loss: 2.3460, Lab Loss: 2.3091, Recon Loss: 0.0241, Result: 0.89733
Train - epoch:68, All Loss: 9.5725, Lab Loss: 9.2964, Recon Loss: 0.1480
Val   - epoch:68, All Loss: 2.6071, Lab Loss: 2.5704, Recon Loss: 0.0207, Result: 0.89679
Train - epoch:69, All Loss: 9.9271, Lab Loss: 9.6273, Recon Loss: 0.1804
Val   - epoch:69, All Loss: 2.1293, Lab Loss: 2.0927, Recon Loss: 0.0232, Result: 0.91248
Train - epoch:70, All Loss: 9.5259, Lab Loss: 9.2636, Recon Loss: 0.1437
Val   - epoch:70, All Loss: 2.0103, Lab Loss: 1.9779, Recon Loss: 0.0161, Result: 0.91800
*****************************************************************************Test result:0.9108664772727273********

Train - epoch:71, All Loss: 9.0861, Lab Loss: 8.8194, Recon Loss: 0.1571
Val   - epoch:71, All Loss: 1.9538, Lab Loss: 1.9204, Recon Loss: 0.0207, Result: 0.91212
Train - epoch:72, All Loss: 8.1218, Lab Loss: 7.8388, Recon Loss: 0.1658
Val   - epoch:72, All Loss: 2.3692, Lab Loss: 2.3346, Recon Loss: 0.0155, Result: 0.89982
Train - epoch:73, All Loss: 8.4053, Lab Loss: 8.1396, Recon Loss: 0.1420
Val   - epoch:73, All Loss: 2.2163, Lab Loss: 2.1825, Recon Loss: 0.0206, Result: 0.90588
Train - epoch:74, All Loss: 7.9369, Lab Loss: 7.6634, Recon Loss: 0.1600
Val   - epoch:74, All Loss: 2.4143, Lab Loss: 2.3807, Recon Loss: 0.0188, Result: 0.90677
Train - epoch:75, All Loss: 8.9189, Lab Loss: 8.6425, Recon Loss: 0.1801
Val   - epoch:75, All Loss: 2.1920, Lab Loss: 2.1537, Recon Loss: 0.0233, Result: 0.91034
Train - epoch:76, All Loss: 7.2317, Lab Loss: 6.9390, Recon Loss: 0.1714
Val   - epoch:76, All Loss: 2.2823, Lab Loss: 2.2452, Recon Loss: 0.0257, Result: 0.91426
Train - epoch:77, All Loss: 8.0435, Lab Loss: 7.7655, Recon Loss: 0.1714
Val   - epoch:77, All Loss: 2.2899, Lab Loss: 2.2546, Recon Loss: 0.0218, Result: 0.89822
Train - epoch:78, All Loss: 6.8768, Lab Loss: 6.5894, Recon Loss: 0.2025
Val   - epoch:78, All Loss: 2.4073, Lab Loss: 2.3735, Recon Loss: 0.0269, Result: 0.89661
Train - epoch:79, All Loss: 7.0228, Lab Loss: 6.7288, Recon Loss: 0.1889
Val   - epoch:79, All Loss: 2.5546, Lab Loss: 2.5166, Recon Loss: 0.0259, Result: 0.89127
Train - epoch:80, All Loss: 7.1770, Lab Loss: 6.8828, Recon Loss: 0.1886
Val   - epoch:80, All Loss: 2.5653, Lab Loss: 2.5332, Recon Loss: 0.0235, Result: 0.89929
Train - epoch:81, All Loss: 6.7056, Lab Loss: 6.4441, Recon Loss: 0.1807
Val   - epoch:81, All Loss: 2.7395, Lab Loss: 2.7046, Recon Loss: 0.0277, Result: 0.88859
Train - epoch:82, All Loss: 5.4013, Lab Loss: 5.1296, Recon Loss: 0.1701
Val   - epoch:82, All Loss: 2.9930, Lab Loss: 2.9585, Recon Loss: 0.0226, Result: 0.89465
Train - epoch:83, All Loss: 5.3427, Lab Loss: 5.0661, Recon Loss: 0.1727
Val   - epoch:83, All Loss: 2.6917, Lab Loss: 2.6580, Recon Loss: 0.0231, Result: 0.89198
Train - epoch:84, All Loss: 5.2532, Lab Loss: 4.9856, Recon Loss: 0.1809
Val   - epoch:84, All Loss: 3.0134, Lab Loss: 2.9793, Recon Loss: 0.0250, Result: 0.89554
Train - epoch:85, All Loss: 5.5771, Lab Loss: 5.3046, Recon Loss: 0.1845
Val   - epoch:85, All Loss: 2.9628, Lab Loss: 2.9297, Recon Loss: 0.0292, Result: 0.87522
Train - epoch:86, All Loss: 5.9303, Lab Loss: 5.6733, Recon Loss: 0.2171
Val   - epoch:86, All Loss: 2.8740, Lab Loss: 2.8394, Recon Loss: 0.0304, Result: 0.89804
Train - epoch:87, All Loss: 5.7234, Lab Loss: 5.4351, Recon Loss: 0.2152
Val   - epoch:87, All Loss: 3.0781, Lab Loss: 3.0389, Recon Loss: 0.0317, Result: 0.88770
Train - epoch:88, All Loss: 4.7526, Lab Loss: 4.4657, Recon Loss: 0.1902
Val   - epoch:88, All Loss: 2.9090, Lab Loss: 2.8728, Recon Loss: 0.0260, Result: 0.90392
Train - epoch:89, All Loss: 4.3903, Lab Loss: 4.1251, Recon Loss: 0.1832
Val   - epoch:89, All Loss: 3.4548, Lab Loss: 3.4217, Recon Loss: 0.0223, Result: 0.87861
Train - epoch:90, All Loss: 3.8450, Lab Loss: 3.5965, Recon Loss: 0.1787
Val   - epoch:90, All Loss: 3.4683, Lab Loss: 3.4364, Recon Loss: 0.0236, Result: 0.87683
Train - epoch:91, All Loss: 3.8731, Lab Loss: 3.6255, Recon Loss: 0.1839
Val   - epoch:91, All Loss: 3.5775, Lab Loss: 3.5447, Recon Loss: 0.0297, Result: 0.88520
Train - epoch:92, All Loss: 3.9626, Lab Loss: 3.7227, Recon Loss: 0.2125
Val   - epoch:92, All Loss: 3.1134, Lab Loss: 3.0842, Recon Loss: 0.0257, Result: 0.89929
Train - epoch:93, All Loss: 3.7279, Lab Loss: 3.4894, Recon Loss: 0.1854
Val   - epoch:93, All Loss: 3.1288, Lab Loss: 3.0976, Recon Loss: 0.0307, Result: 0.89251
Train - epoch:94, All Loss: 4.1097, Lab Loss: 3.8567, Recon Loss: 0.2155
Val   - epoch:94, All Loss: 3.7985, Lab Loss: 3.7669, Recon Loss: 0.0303, Result: 0.87611
Train - epoch:95, All Loss: 3.5836, Lab Loss: 3.3432, Recon Loss: 0.1922
Val   - epoch:95, All Loss: 3.2713, Lab Loss: 3.2430, Recon Loss: 0.0224, Result: 0.90357
Train - epoch:96, All Loss: 3.3025, Lab Loss: 3.0601, Recon Loss: 0.1870
Val   - epoch:96, All Loss: 4.2523, Lab Loss: 4.2198, Recon Loss: 0.0311, Result: 0.87772
Train - epoch:97, All Loss: 3.3744, Lab Loss: 3.1256, Recon Loss: 0.1927
Val   - epoch:97, All Loss: 3.9789, Lab Loss: 3.9481, Recon Loss: 0.0222, Result: 0.84759
Train - epoch:98, All Loss: 4.2638, Lab Loss: 4.0197, Recon Loss: 0.1655
Val   - epoch:98, All Loss: 3.8179, Lab Loss: 3.7873, Recon Loss: 0.0236, Result: 0.88271
Train - epoch:99, All Loss: 3.3159, Lab Loss: 3.0751, Recon Loss: 0.1677
Val   - epoch:99, All Loss: 3.7053, Lab Loss: 3.6759, Recon Loss: 0.0225, Result: 0.88752
Train - epoch:100, All Loss: 2.6936, Lab Loss: 2.4608, Recon Loss: 0.1590
Val   - epoch:100, All Loss: 3.7440, Lab Loss: 3.7143, Recon Loss: 0.0224, Result: 0.89840
Train - epoch:101, All Loss: 3.0203, Lab Loss: 2.7908, Recon Loss: 0.1697
Val   - epoch:101, All Loss: 3.9603, Lab Loss: 3.9319, Recon Loss: 0.0235, Result: 0.88164
Train - epoch:102, All Loss: 2.6528, Lab Loss: 2.4278, Recon Loss: 0.1518
Val   - epoch:102, All Loss: 3.8917, Lab Loss: 3.8631, Recon Loss: 0.0191, Result: 0.88770
Train - epoch:103, All Loss: 3.1615, Lab Loss: 2.9485, Recon Loss: 0.1569
Val   - epoch:103, All Loss: 3.9047, Lab Loss: 3.8779, Recon Loss: 0.0239, Result: 0.87950
Train - epoch:104, All Loss: 3.2252, Lab Loss: 3.0155, Recon Loss: 0.1489
Val   - epoch:104, All Loss: 3.6814, Lab Loss: 3.6544, Recon Loss: 0.0225, Result: 0.89037
Train - epoch:105, All Loss: 3.4553, Lab Loss: 3.2380, Recon Loss: 0.1778
Val   - epoch:105, All Loss: 3.9453, Lab Loss: 3.9181, Recon Loss: 0.0238, Result: 0.87772
Train - epoch:106, All Loss: 2.3719, Lab Loss: 2.1548, Recon Loss: 0.1605
Val   - epoch:106, All Loss: 3.9476, Lab Loss: 3.9205, Recon Loss: 0.0208, Result: 0.89840
Train - epoch:107, All Loss: 2.2965, Lab Loss: 2.0845, Recon Loss: 0.1455
Val   - epoch:107, All Loss: 3.8396, Lab Loss: 3.8132, Recon Loss: 0.0192, Result: 0.89073
Train - epoch:108, All Loss: 2.3815, Lab Loss: 2.1716, Recon Loss: 0.1386
Val   - epoch:108, All Loss: 3.8931, Lab Loss: 3.8665, Recon Loss: 0.0209, Result: 0.84742
Train - epoch:109, All Loss: 3.5710, Lab Loss: 3.3522, Recon Loss: 0.1536
Val   - epoch:109, All Loss: 4.1162, Lab Loss: 4.0878, Recon Loss: 0.0213, Result: 0.88164
Train - epoch:110, All Loss: 2.9825, Lab Loss: 2.7530, Recon Loss: 0.1445
Val   - epoch:110, All Loss: 4.3739, Lab Loss: 4.3445, Recon Loss: 0.0196, Result: 0.86471
Train - epoch:111, All Loss: 2.7556, Lab Loss: 2.5152, Recon Loss: 0.1510
Val   - epoch:111, All Loss: 3.4944, Lab Loss: 3.4660, Recon Loss: 0.0223, Result: 0.89840
Train - epoch:112, All Loss: 3.3642, Lab Loss: 3.1434, Recon Loss: 0.1475
Val   - epoch:112, All Loss: 3.7380, Lab Loss: 3.7116, Recon Loss: 0.0175, Result: 0.88592
Train - epoch:113, All Loss: 2.7353, Lab Loss: 2.5214, Recon Loss: 0.1472
Val   - epoch:113, All Loss: 4.4793, Lab Loss: 4.4517, Recon Loss: 0.0204, Result: 0.84955
Train - epoch:114, All Loss: 2.1707, Lab Loss: 1.9560, Recon Loss: 0.1446
Val   - epoch:114, All Loss: 4.2567, Lab Loss: 4.2306, Recon Loss: 0.0184, Result: 0.88164
Train - epoch:115, All Loss: 2.3619, Lab Loss: 2.1481, Recon Loss: 0.1378
Val   - epoch:115, All Loss: 4.4408, Lab Loss: 4.4148, Recon Loss: 0.0177, Result: 0.86061
Train - epoch:116, All Loss: 2.1797, Lab Loss: 1.9776, Recon Loss: 0.1225
Val   - epoch:116, All Loss: 4.7651, Lab Loss: 4.7400, Recon Loss: 0.0157, Result: 0.85330
Train - epoch:117, All Loss: 2.2112, Lab Loss: 2.0083, Recon Loss: 0.1232
Val   - epoch:117, All Loss: 4.7306, Lab Loss: 4.7060, Recon Loss: 0.0160, Result: 0.85401
Train - epoch:118, All Loss: 2.2552, Lab Loss: 2.0591, Recon Loss: 0.1183
Val   - epoch:118, All Loss: 4.6580, Lab Loss: 4.6334, Recon Loss: 0.0169, Result: 0.85045
Train - epoch:119, All Loss: 2.1140, Lab Loss: 1.9191, Recon Loss: 0.1162
Val   - epoch:119, All Loss: 4.6051, Lab Loss: 4.5804, Recon Loss: 0.0164, Result: 0.85526
Train - epoch:120, All Loss: 2.2135, Lab Loss: 2.0232, Recon Loss: 0.1187
Val   - epoch:120, All Loss: 4.3840, Lab Loss: 4.3605, Recon Loss: 0.0148, Result: 0.85455
Train - epoch:121, All Loss: 1.8843, Lab Loss: 1.6979, Recon Loss: 0.1044
Val   - epoch:121, All Loss: 4.9834, Lab Loss: 4.9601, Recon Loss: 0.0142, Result: 0.81765
Train - epoch:122, All Loss: 1.9903, Lab Loss: 1.8074, Recon Loss: 0.1035
Val   - epoch:122, All Loss: 4.4503, Lab Loss: 4.4279, Recon Loss: 0.0142, Result: 0.84973
Train - epoch:123, All Loss: 1.7605, Lab Loss: 1.5802, Recon Loss: 0.1020
Val   - epoch:123, All Loss: 4.9163, Lab Loss: 4.8941, Recon Loss: 0.0140, Result: 0.81872
Train - epoch:124, All Loss: 1.9960, Lab Loss: 1.8154, Recon Loss: 0.1025
Val   - epoch:124, All Loss: 4.4484, Lab Loss: 4.4267, Recon Loss: 0.0139, Result: 0.84421
Train - epoch:125, All Loss: 1.9882, Lab Loss: 1.8119, Recon Loss: 0.1050
Val   - epoch:125, All Loss: 4.9286, Lab Loss: 4.9061, Recon Loss: 0.0148, Result: 0.80036
Train - epoch:126, All Loss: 1.7453, Lab Loss: 1.5579, Recon Loss: 0.1047
Val   - epoch:126, All Loss: 4.9362, Lab Loss: 4.9123, Recon Loss: 0.0143, Result: 0.79804
Train - epoch:127, All Loss: 1.6653, Lab Loss: 1.4830, Recon Loss: 0.1036
Val   - epoch:127, All Loss: 4.9590, Lab Loss: 4.9363, Recon Loss: 0.0141, Result: 0.79465
Train - epoch:128, All Loss: 1.8455, Lab Loss: 1.6687, Recon Loss: 0.1004
Val   - epoch:128, All Loss: 4.9160, Lab Loss: 4.8943, Recon Loss: 0.0141, Result: 0.81533
Train - epoch:129, All Loss: 1.6935, Lab Loss: 1.5156, Recon Loss: 0.0975
Val   - epoch:129, All Loss: 4.9123, Lab Loss: 4.8899, Recon Loss: 0.0137, Result: 0.81176
Train - epoch:130, All Loss: 1.6977, Lab Loss: 1.5234, Recon Loss: 0.0959
Val   - epoch:130, All Loss: 5.0218, Lab Loss: 4.9999, Recon Loss: 0.0142, Result: 0.80891
