🔧 All print outputs will be saved to: ./LOGS/esol/complete_output_20250710_064149.log
Device set to : NVIDIA GeForce RTX 4060 Ti
lr:0.0003, cl_loss:0.1, cl_loss_num:0, pro_num:1, pool_type:attention, gnn_hidden_dim:256, batch_size:32, norm:0, fusion:3
[GeoGNNModel] embed_dim:256
[GeoGNNModel] dropout_rate:0.5
[GeoGNNModel] layer_num:8
[GeoGNNModel] readout:mean
[GeoGNNModel] atom_names:['atomic_num', 'formal_charge', 'degree', 'chiral_tag', 'total_numHs', 'is_aromatic', 'hybridization']
[GeoGNNModel] bond_names:['bond_dir', 'bond_type', 'is_in_ring']
[GeoGNNModel] bond_float_names:['bond_length']
[GeoGNNModel] bond_angle_float_names:['bond_angle']
train model ...
Train - epoch:0, All Loss: 36.1046, Lab Loss: 31.1957, Recon Loss: 11.3614
Val   - epoch:0, All Loss: 17.4646, Lab Loss: 16.5141, Recon Loss: 2.1767, Result: 2.04239
*****************************************************************************Test result:1.8653492422832343********

Train - epoch:1, All Loss: 16.9864, Lab Loss: 13.4750, Recon Loss: 6.3360
Val   - epoch:1, All Loss: 3.5771, Lab Loss: 3.3788, Recon Loss: 0.3320, Result: 0.94646
*****************************************************************************Test result:1.006901426362735********

Train - epoch:2, All Loss: 8.0308, Lab Loss: 6.7562, Recon Loss: 1.9734
Val   - epoch:2, All Loss: 2.7912, Lab Loss: 2.6731, Recon Loss: 0.1515, Result: 0.81729
*****************************************************************************Test result:0.8272939621490544********

Train - epoch:3, All Loss: 5.3467, Lab Loss: 4.5563, Recon Loss: 0.9935
Val   - epoch:3, All Loss: 2.6158, Lab Loss: 2.5358, Recon Loss: 0.1064, Result: 0.78907
*****************************************************************************Test result:0.7061202022430356********

Train - epoch:4, All Loss: 5.0344, Lab Loss: 4.4399, Recon Loss: 0.7195
Val   - epoch:4, All Loss: 2.7054, Lab Loss: 2.6372, Recon Loss: 0.0901, Result: 0.79660
Train - epoch:5, All Loss: 4.2603, Lab Loss: 3.7416, Recon Loss: 0.7515
Val   - epoch:5, All Loss: 2.6573, Lab Loss: 2.5951, Recon Loss: 0.0897, Result: 0.79619
Train - epoch:6, All Loss: 4.1751, Lab Loss: 3.6947, Recon Loss: 0.7116
Val   - epoch:6, All Loss: 3.3172, Lab Loss: 3.2461, Recon Loss: 0.1367, Result: 0.89394
Train - epoch:7, All Loss: 3.9897, Lab Loss: 3.4787, Recon Loss: 0.8162
Val   - epoch:7, All Loss: 4.8109, Lab Loss: 4.7546, Recon Loss: 0.0791, Result: 1.07247
Train - epoch:8, All Loss: 4.0933, Lab Loss: 3.6359, Recon Loss: 0.6724
Val   - epoch:8, All Loss: 1.9370, Lab Loss: 1.8863, Recon Loss: 0.0590, Result: 0.68784
*****************************************************************************Test result:0.6371085624954843********

Train - epoch:9, All Loss: 3.7478, Lab Loss: 3.3274, Recon Loss: 0.5153
Val   - epoch:9, All Loss: 2.5693, Lab Loss: 2.5175, Recon Loss: 0.0639, Result: 0.78693
Train - epoch:10, All Loss: 4.6860, Lab Loss: 4.2484, Recon Loss: 0.5100
Val   - epoch:10, All Loss: 3.3104, Lab Loss: 3.2584, Recon Loss: 0.0569, Result: 0.86950
Train - epoch:11, All Loss: 3.0766, Lab Loss: 2.6866, Recon Loss: 0.4067
Val   - epoch:11, All Loss: 2.0255, Lab Loss: 1.9789, Recon Loss: 0.0542, Result: 0.69848
Train - epoch:12, All Loss: 3.2827, Lab Loss: 2.9362, Recon Loss: 0.4092
Val   - epoch:12, All Loss: 2.1968, Lab Loss: 2.1526, Recon Loss: 0.0608, Result: 0.71800
Train - epoch:13, All Loss: 2.7783, Lab Loss: 2.4427, Recon Loss: 0.3931
Val   - epoch:13, All Loss: 2.1732, Lab Loss: 2.1309, Recon Loss: 0.0513, Result: 0.73184
Train - epoch:14, All Loss: 2.2896, Lab Loss: 1.9881, Recon Loss: 0.3076
Val   - epoch:14, All Loss: 2.7321, Lab Loss: 2.6962, Recon Loss: 0.0422, Result: 0.81149
Train - epoch:15, All Loss: 2.0340, Lab Loss: 1.7754, Recon Loss: 0.2727
Val   - epoch:15, All Loss: 3.8082, Lab Loss: 3.7758, Recon Loss: 0.0405, Result: 0.95110
Train - epoch:16, All Loss: 2.6701, Lab Loss: 2.3862, Recon Loss: 0.3437
Val   - epoch:16, All Loss: 1.7655, Lab Loss: 1.7288, Recon Loss: 0.0441, Result: 0.65392
*****************************************************************************Test result:0.7054476742154188********

Train - epoch:17, All Loss: 1.9928, Lab Loss: 1.7315, Recon Loss: 0.2676
Val   - epoch:17, All Loss: 2.1001, Lab Loss: 2.0688, Recon Loss: 0.0379, Result: 0.71639
Train - epoch:18, All Loss: 1.6094, Lab Loss: 1.3813, Recon Loss: 0.2578
Val   - epoch:18, All Loss: 1.7597, Lab Loss: 1.7309, Recon Loss: 0.0364, Result: 0.66238
Train - epoch:19, All Loss: 1.9050, Lab Loss: 1.6815, Recon Loss: 0.2636
Val   - epoch:19, All Loss: 1.6546, Lab Loss: 1.6261, Recon Loss: 0.0373, Result: 0.63788
*****************************************************************************Test result:0.6414837070208637********

Train - epoch:20, All Loss: 1.5085, Lab Loss: 1.2932, Recon Loss: 0.2414
Val   - epoch:20, All Loss: 1.6658, Lab Loss: 1.6392, Recon Loss: 0.0339, Result: 0.63411
*****************************************************************************Test result:0.5975838424745471********

Train - epoch:21, All Loss: 1.8640, Lab Loss: 1.6617, Recon Loss: 0.2265
Val   - epoch:21, All Loss: 2.1401, Lab Loss: 2.1124, Recon Loss: 0.0374, Result: 0.71609
Train - epoch:22, All Loss: 1.8527, Lab Loss: 1.6193, Recon Loss: 0.2855
Val   - epoch:22, All Loss: 1.3875, Lab Loss: 1.3597, Recon Loss: 0.0349, Result: 0.57566
*****************************************************************************Test result:0.6259512691663092********

Train - epoch:23, All Loss: 1.4413, Lab Loss: 1.2383, Recon Loss: 0.2329
Val   - epoch:23, All Loss: 1.4827, Lab Loss: 1.4571, Recon Loss: 0.0330, Result: 0.60610
Train - epoch:24, All Loss: 1.3192, Lab Loss: 1.1293, Recon Loss: 0.2060
Val   - epoch:24, All Loss: 1.7135, Lab Loss: 1.6897, Recon Loss: 0.0297, Result: 0.65637
Train - epoch:25, All Loss: 1.3076, Lab Loss: 1.1244, Recon Loss: 0.1987
Val   - epoch:25, All Loss: 2.1381, Lab Loss: 2.1150, Recon Loss: 0.0277, Result: 0.70104
Train - epoch:26, All Loss: 1.2947, Lab Loss: 1.1132, Recon Loss: 0.1940
Val   - epoch:26, All Loss: 1.5285, Lab Loss: 1.5053, Recon Loss: 0.0272, Result: 0.62374
Train - epoch:27, All Loss: 1.2983, Lab Loss: 1.1140, Recon Loss: 0.2055
Val   - epoch:27, All Loss: 1.5368, Lab Loss: 1.5128, Recon Loss: 0.0328, Result: 0.61302
Train - epoch:28, All Loss: 1.2356, Lab Loss: 1.0601, Recon Loss: 0.1947
Val   - epoch:28, All Loss: 1.9441, Lab Loss: 1.9209, Recon Loss: 0.0300, Result: 0.68756
Train - epoch:29, All Loss: 1.0627, Lab Loss: 0.8930, Recon Loss: 0.1771
Val   - epoch:29, All Loss: 1.8434, Lab Loss: 1.8217, Recon Loss: 0.0270, Result: 0.65440
Train - epoch:30, All Loss: 0.9752, Lab Loss: 0.8122, Recon Loss: 0.1719
Val   - epoch:30, All Loss: 1.6030, Lab Loss: 1.5826, Recon Loss: 0.0252, Result: 0.61902
Train - epoch:31, All Loss: 0.9052, Lab Loss: 0.7473, Recon Loss: 0.1630
Val   - epoch:31, All Loss: 1.3485, Lab Loss: 1.3287, Recon Loss: 0.0231, Result: 0.57296
*****************************************************************************Test result:0.6472612851898044********

Train - epoch:32, All Loss: 0.7599, Lab Loss: 0.6083, Recon Loss: 0.1585
Val   - epoch:32, All Loss: 1.3176, Lab Loss: 1.2985, Recon Loss: 0.0234, Result: 0.55619
*****************************************************************************Test result:0.6606325301869408********

Train - epoch:33, All Loss: 0.6954, Lab Loss: 0.5521, Recon Loss: 0.1516
Val   - epoch:33, All Loss: 1.5237, Lab Loss: 1.5056, Recon Loss: 0.0225, Result: 0.59257
Train - epoch:34, All Loss: 0.7017, Lab Loss: 0.5668, Recon Loss: 0.1437
Val   - epoch:34, All Loss: 1.2062, Lab Loss: 1.1883, Recon Loss: 0.0237, Result: 0.53043
*****************************************************************************Test result:0.6723690676909156********

Train - epoch:35, All Loss: 0.7655, Lab Loss: 0.6282, Recon Loss: 0.1557
Val   - epoch:35, All Loss: 1.2842, Lab Loss: 1.2665, Recon Loss: 0.0236, Result: 0.54499
Train - epoch:36, All Loss: 0.7499, Lab Loss: 0.6157, Recon Loss: 0.1501
Val   - epoch:36, All Loss: 1.7126, Lab Loss: 1.6943, Recon Loss: 0.0249, Result: 0.62550
Train - epoch:37, All Loss: 0.8182, Lab Loss: 0.6840, Recon Loss: 0.1552
Val   - epoch:37, All Loss: 1.3706, Lab Loss: 1.3535, Recon Loss: 0.0223, Result: 0.56953
Train - epoch:38, All Loss: 0.7021, Lab Loss: 0.5734, Recon Loss: 0.1421
Val   - epoch:38, All Loss: 1.4388, Lab Loss: 1.4219, Recon Loss: 0.0225, Result: 0.57351
Train - epoch:39, All Loss: 0.6687, Lab Loss: 0.5436, Recon Loss: 0.1316
Val   - epoch:39, All Loss: 1.2660, Lab Loss: 1.2496, Recon Loss: 0.0214, Result: 0.54022
Train - epoch:40, All Loss: 0.5352, Lab Loss: 0.4136, Recon Loss: 0.1310
Val   - epoch:40, All Loss: 1.5359, Lab Loss: 1.5201, Recon Loss: 0.0210, Result: 0.59265
Train - epoch:41, All Loss: 0.6857, Lab Loss: 0.5659, Recon Loss: 0.1280
Val   - epoch:41, All Loss: 1.2267, Lab Loss: 1.2107, Recon Loss: 0.0205, Result: 0.53604
Train - epoch:42, All Loss: 0.6455, Lab Loss: 0.5272, Recon Loss: 0.1296
Val   - epoch:42, All Loss: 1.4435, Lab Loss: 1.4274, Recon Loss: 0.0215, Result: 0.57393
Train - epoch:43, All Loss: 0.5087, Lab Loss: 0.3933, Recon Loss: 0.1274
Val   - epoch:43, All Loss: 1.2699, Lab Loss: 1.2546, Recon Loss: 0.0198, Result: 0.54022
Train - epoch:44, All Loss: 0.5753, Lab Loss: 0.4619, Recon Loss: 0.1193
Val   - epoch:44, All Loss: 1.3810, Lab Loss: 1.3653, Recon Loss: 0.0199, Result: 0.56655
Train - epoch:45, All Loss: 0.6679, Lab Loss: 0.5516, Recon Loss: 0.1260
Val   - epoch:45, All Loss: 1.2794, Lab Loss: 1.2639, Recon Loss: 0.0207, Result: 0.53745
Train - epoch:46, All Loss: 0.4566, Lab Loss: 0.3416, Recon Loss: 0.1228
Val   - epoch:46, All Loss: 1.2767, Lab Loss: 1.2615, Recon Loss: 0.0194, Result: 0.54844
Train - epoch:47, All Loss: 0.4280, Lab Loss: 0.3146, Recon Loss: 0.1213
Val   - epoch:47, All Loss: 1.4041, Lab Loss: 1.3892, Recon Loss: 0.0198, Result: 0.56665
Train - epoch:48, All Loss: 0.4384, Lab Loss: 0.3307, Recon Loss: 0.1149
Val   - epoch:48, All Loss: 1.4963, Lab Loss: 1.4815, Recon Loss: 0.0195, Result: 0.57805
Train - epoch:49, All Loss: 0.4762, Lab Loss: 0.3690, Recon Loss: 0.1166
Val   - epoch:49, All Loss: 1.3054, Lab Loss: 1.2911, Recon Loss: 0.0182, Result: 0.55816
Train - epoch:50, All Loss: 0.4327, Lab Loss: 0.3252, Recon Loss: 0.1175
Val   - epoch:50, All Loss: 1.1777, Lab Loss: 1.1634, Recon Loss: 0.0191, Result: 0.52748
*****************************************************************************Test result:0.671665173794163********

Train - epoch:51, All Loss: 0.4600, Lab Loss: 0.3537, Recon Loss: 0.1146
Val   - epoch:51, All Loss: 1.4309, Lab Loss: 1.4168, Recon Loss: 0.0186, Result: 0.57042
Train - epoch:52, All Loss: 0.4026, Lab Loss: 0.2992, Recon Loss: 0.1085
Val   - epoch:52, All Loss: 1.2913, Lab Loss: 1.2773, Recon Loss: 0.0187, Result: 0.54634
Train - epoch:53, All Loss: 0.2935, Lab Loss: 0.1927, Recon Loss: 0.1096
Val   - epoch:53, All Loss: 1.2178, Lab Loss: 1.2044, Recon Loss: 0.0173, Result: 0.52865
Train - epoch:54, All Loss: 0.2780, Lab Loss: 0.1809, Recon Loss: 0.1019
Val   - epoch:54, All Loss: 1.2355, Lab Loss: 1.2225, Recon Loss: 0.0165, Result: 0.53268
Train - epoch:55, All Loss: 0.2965, Lab Loss: 0.2013, Recon Loss: 0.1003
Val   - epoch:55, All Loss: 1.2621, Lab Loss: 1.2493, Recon Loss: 0.0164, Result: 0.54110
Train - epoch:56, All Loss: 0.2986, Lab Loss: 0.2041, Recon Loss: 0.0970
Val   - epoch:56, All Loss: 1.4369, Lab Loss: 1.4241, Recon Loss: 0.0166, Result: 0.57903
Train - epoch:57, All Loss: 0.3116, Lab Loss: 0.2188, Recon Loss: 0.0984
Val   - epoch:57, All Loss: 1.2383, Lab Loss: 1.2256, Recon Loss: 0.0164, Result: 0.53263
Train - epoch:58, All Loss: 0.2743, Lab Loss: 0.1823, Recon Loss: 0.0969
Val   - epoch:58, All Loss: 1.3991, Lab Loss: 1.3868, Recon Loss: 0.0162, Result: 0.56618
Train - epoch:59, All Loss: 0.2762, Lab Loss: 0.1862, Recon Loss: 0.0951
Val   - epoch:59, All Loss: 1.2837, Lab Loss: 1.2717, Recon Loss: 0.0157, Result: 0.54931
Train - epoch:60, All Loss: 0.2848, Lab Loss: 0.1948, Recon Loss: 0.0952
Val   - epoch:60, All Loss: 1.2385, Lab Loss: 1.2264, Recon Loss: 0.0158, Result: 0.54701
Train - epoch:61, All Loss: 0.3703, Lab Loss: 0.2806, Recon Loss: 0.0979
Val   - epoch:61, All Loss: 1.3855, Lab Loss: 1.3733, Recon Loss: 0.0165, Result: 0.56407
Train - epoch:62, All Loss: 0.3095, Lab Loss: 0.2202, Recon Loss: 0.0959
Val   - epoch:62, All Loss: 1.3280, Lab Loss: 1.3159, Recon Loss: 0.0159, Result: 0.56334
Train - epoch:63, All Loss: 0.2906, Lab Loss: 0.2027, Recon Loss: 0.0937
Val   - epoch:63, All Loss: 1.4338, Lab Loss: 1.4221, Recon Loss: 0.0153, Result: 0.57949
Train - epoch:64, All Loss: 0.3368, Lab Loss: 0.2494, Recon Loss: 0.0924
Val   - epoch:64, All Loss: 1.2611, Lab Loss: 1.2493, Recon Loss: 0.0158, Result: 0.53505
Train - epoch:65, All Loss: 0.3451, Lab Loss: 0.2572, Recon Loss: 0.0951
Val   - epoch:65, All Loss: 1.2442, Lab Loss: 1.2323, Recon Loss: 0.0162, Result: 0.53771
Train - epoch:66, All Loss: 0.2914, Lab Loss: 0.2039, Recon Loss: 0.0935
Val   - epoch:66, All Loss: 1.3098, Lab Loss: 1.2982, Recon Loss: 0.0152, Result: 0.55521
Train - epoch:67, All Loss: 0.2321, Lab Loss: 0.1455, Recon Loss: 0.0895
Val   - epoch:67, All Loss: 1.3663, Lab Loss: 1.3548, Recon Loss: 0.0152, Result: 0.56401
Train - epoch:68, All Loss: 0.2076, Lab Loss: 0.1245, Recon Loss: 0.0873
Val   - epoch:68, All Loss: 1.2525, Lab Loss: 1.2411, Recon Loss: 0.0147, Result: 0.53640
Train - epoch:69, All Loss: 0.1846, Lab Loss: 0.1037, Recon Loss: 0.0850
Val   - epoch:69, All Loss: 1.3359, Lab Loss: 1.3248, Recon Loss: 0.0144, Result: 0.55641
Train - epoch:70, All Loss: 0.2036, Lab Loss: 0.1241, Recon Loss: 0.0833
Val   - epoch:70, All Loss: 1.3416, Lab Loss: 1.3307, Recon Loss: 0.0141, Result: 0.55749
Train - epoch:71, All Loss: 0.1896, Lab Loss: 0.1095, Recon Loss: 0.0871
Val   - epoch:71, All Loss: 1.2191, Lab Loss: 1.2082, Recon Loss: 0.0141, Result: 0.53441
Train - epoch:72, All Loss: 0.1730, Lab Loss: 0.0945, Recon Loss: 0.0821
Val   - epoch:72, All Loss: 1.2442, Lab Loss: 1.2336, Recon Loss: 0.0140, Result: 0.54308
Train - epoch:73, All Loss: 0.1752, Lab Loss: 0.0981, Recon Loss: 0.0803
Val   - epoch:73, All Loss: 1.3438, Lab Loss: 1.3331, Recon Loss: 0.0140, Result: 0.56464
Train - epoch:74, All Loss: 0.2413, Lab Loss: 0.1636, Recon Loss: 0.0858
Val   - epoch:74, All Loss: 1.2300, Lab Loss: 1.2195, Recon Loss: 0.0138, Result: 0.53526
Train - epoch:75, All Loss: 0.2106, Lab Loss: 0.1340, Recon Loss: 0.0820
Val   - epoch:75, All Loss: 1.4296, Lab Loss: 1.4191, Recon Loss: 0.0140, Result: 0.57714
Train - epoch:76, All Loss: 0.1993, Lab Loss: 0.1230, Recon Loss: 0.0809
Val   - epoch:76, All Loss: 1.3136, Lab Loss: 1.3031, Recon Loss: 0.0139, Result: 0.55484
Train - epoch:77, All Loss: 0.2350, Lab Loss: 0.1596, Recon Loss: 0.0803
Val   - epoch:77, All Loss: 1.1651, Lab Loss: 1.1549, Recon Loss: 0.0134, Result: 0.52994
Train - epoch:78, All Loss: 0.2652, Lab Loss: 0.1878, Recon Loss: 0.0832
Val   - epoch:78, All Loss: 1.4021, Lab Loss: 1.3917, Recon Loss: 0.0139, Result: 0.57911
Train - epoch:79, All Loss: 0.2202, Lab Loss: 0.1440, Recon Loss: 0.0801
Val   - epoch:79, All Loss: 1.1988, Lab Loss: 1.1887, Recon Loss: 0.0134, Result: 0.52888
Train - epoch:80, All Loss: 0.2064, Lab Loss: 0.1319, Recon Loss: 0.0794
Val   - epoch:80, All Loss: 1.2981, Lab Loss: 1.2879, Recon Loss: 0.0136, Result: 0.54932
Train - epoch:81, All Loss: 0.1854, Lab Loss: 0.1119, Recon Loss: 0.0796
Val   - epoch:81, All Loss: 1.2728, Lab Loss: 1.2627, Recon Loss: 0.0134, Result: 0.54869
Train - epoch:82, All Loss: 0.2474, Lab Loss: 0.1741, Recon Loss: 0.0781
Val   - epoch:82, All Loss: 1.3225, Lab Loss: 1.3123, Recon Loss: 0.0132, Result: 0.56271
Train - epoch:83, All Loss: 0.2824, Lab Loss: 0.2084, Recon Loss: 0.0789
Val   - epoch:83, All Loss: 1.4038, Lab Loss: 1.3934, Recon Loss: 0.0139, Result: 0.56594
Train - epoch:84, All Loss: 0.3150, Lab Loss: 0.2392, Recon Loss: 0.0818
Val   - epoch:84, All Loss: 1.7410, Lab Loss: 1.7304, Recon Loss: 0.0145, Result: 0.63407
Train - epoch:85, All Loss: 0.3582, Lab Loss: 0.2810, Recon Loss: 0.0854
Val   - epoch:85, All Loss: 1.3918, Lab Loss: 1.3812, Recon Loss: 0.0142, Result: 0.57188
Train - epoch:86, All Loss: 0.2756, Lab Loss: 0.1990, Recon Loss: 0.0814
Val   - epoch:86, All Loss: 1.4080, Lab Loss: 1.3976, Recon Loss: 0.0135, Result: 0.57220
Train - epoch:87, All Loss: 0.2515, Lab Loss: 0.1759, Recon Loss: 0.0785
Val   - epoch:87, All Loss: 1.2845, Lab Loss: 1.2742, Recon Loss: 0.0134, Result: 0.55379
Train - epoch:88, All Loss: 0.2093, Lab Loss: 0.1337, Recon Loss: 0.0792
Val   - epoch:88, All Loss: 1.2743, Lab Loss: 1.2640, Recon Loss: 0.0133, Result: 0.55113
Train - epoch:89, All Loss: 0.1709, Lab Loss: 0.0974, Recon Loss: 0.0768
Val   - epoch:89, All Loss: 1.2987, Lab Loss: 1.2887, Recon Loss: 0.0128, Result: 0.54989
Train - epoch:90, All Loss: 0.1455, Lab Loss: 0.0732, Recon Loss: 0.0736
Val   - epoch:90, All Loss: 1.2064, Lab Loss: 1.1965, Recon Loss: 0.0126, Result: 0.53412
Train - epoch:91, All Loss: 0.1434, Lab Loss: 0.0708, Recon Loss: 0.0740
Val   - epoch:91, All Loss: 1.3566, Lab Loss: 1.3468, Recon Loss: 0.0127, Result: 0.56138
Train - epoch:92, All Loss: 0.1381, Lab Loss: 0.0671, Recon Loss: 0.0725
Val   - epoch:92, All Loss: 1.2464, Lab Loss: 1.2368, Recon Loss: 0.0122, Result: 0.54220
Train - epoch:93, All Loss: 0.1186, Lab Loss: 0.0492, Recon Loss: 0.0707
Val   - epoch:93, All Loss: 1.2502, Lab Loss: 1.2407, Recon Loss: 0.0122, Result: 0.54157
Train - epoch:94, All Loss: 0.1115, Lab Loss: 0.0425, Recon Loss: 0.0699
Val   - epoch:94, All Loss: 1.2887, Lab Loss: 1.2793, Recon Loss: 0.0121, Result: 0.54793
Train - epoch:95, All Loss: 0.1112, Lab Loss: 0.0435, Recon Loss: 0.0692
Val   - epoch:95, All Loss: 1.2331, Lab Loss: 1.2238, Recon Loss: 0.0120, Result: 0.53728
Train - epoch:96, All Loss: 0.1154, Lab Loss: 0.0473, Recon Loss: 0.0695
Val   - epoch:96, All Loss: 1.2859, Lab Loss: 1.2767, Recon Loss: 0.0118, Result: 0.54883
Train - epoch:97, All Loss: 0.1222, Lab Loss: 0.0553, Recon Loss: 0.0683
Val   - epoch:97, All Loss: 1.3634, Lab Loss: 1.3542, Recon Loss: 0.0118, Result: 0.56375
Train - epoch:98, All Loss: 0.1380, Lab Loss: 0.0718, Recon Loss: 0.0685
Val   - epoch:98, All Loss: 1.2471, Lab Loss: 1.2380, Recon Loss: 0.0117, Result: 0.54470
Train - epoch:99, All Loss: 0.1164, Lab Loss: 0.0510, Recon Loss: 0.0671
Val   - epoch:99, All Loss: 1.3141, Lab Loss: 1.3050, Recon Loss: 0.0116, Result: 0.55271
Train - epoch:100, All Loss: 0.1211, Lab Loss: 0.0563, Recon Loss: 0.0661
Val   - epoch:100, All Loss: 1.2606, Lab Loss: 1.2516, Recon Loss: 0.0116, Result: 0.54565
Train - epoch:101, All Loss: 0.1068, Lab Loss: 0.0427, Recon Loss: 0.0656
Val   - epoch:101, All Loss: 1.2206, Lab Loss: 1.2117, Recon Loss: 0.0113, Result: 0.53541
Train - epoch:102, All Loss: 0.1027, Lab Loss: 0.0390, Recon Loss: 0.0650
Val   - epoch:102, All Loss: 1.2672, Lab Loss: 1.2584, Recon Loss: 0.0112, Result: 0.54947
Train - epoch:103, All Loss: 0.1044, Lab Loss: 0.0414, Recon Loss: 0.0637
Val   - epoch:103, All Loss: 1.2706, Lab Loss: 1.2619, Recon Loss: 0.0111, Result: 0.54691
Train - epoch:104, All Loss: 0.1025, Lab Loss: 0.0395, Recon Loss: 0.0640
Val   - epoch:104, All Loss: 1.2698, Lab Loss: 1.2612, Recon Loss: 0.0110, Result: 0.54625
Train - epoch:105, All Loss: 0.1028, Lab Loss: 0.0406, Recon Loss: 0.0632
Val   - epoch:105, All Loss: 1.3967, Lab Loss: 1.3881, Recon Loss: 0.0111, Result: 0.57167
Train - epoch:106, All Loss: 0.1074, Lab Loss: 0.0458, Recon Loss: 0.0625
Val   - epoch:106, All Loss: 1.2404, Lab Loss: 1.2318, Recon Loss: 0.0109, Result: 0.54323
Train - epoch:107, All Loss: 0.1093, Lab Loss: 0.0470, Recon Loss: 0.0638
Val   - epoch:107, All Loss: 1.3205, Lab Loss: 1.3121, Recon Loss: 0.0109, Result: 0.55874
Train - epoch:108, All Loss: 0.1105, Lab Loss: 0.0497, Recon Loss: 0.0623
Val   - epoch:108, All Loss: 1.2287, Lab Loss: 1.2203, Recon Loss: 0.0107, Result: 0.53877
Train - epoch:109, All Loss: 0.1187, Lab Loss: 0.0573, Recon Loss: 0.0639
Val   - epoch:109, All Loss: 1.2294, Lab Loss: 1.2210, Recon Loss: 0.0109, Result: 0.54373
Train - epoch:110, All Loss: 0.1185, Lab Loss: 0.0572, Recon Loss: 0.0644
Val   - epoch:110, All Loss: 1.2856, Lab Loss: 1.2772, Recon Loss: 0.0108, Result: 0.54990
Train - epoch:111, All Loss: 0.1239, Lab Loss: 0.0636, Recon Loss: 0.0624
Val   - epoch:111, All Loss: 1.2986, Lab Loss: 1.2903, Recon Loss: 0.0108, Result: 0.55255
Train - epoch:112, All Loss: 0.1205, Lab Loss: 0.0598, Recon Loss: 0.0628
Val   - epoch:112, All Loss: 1.3445, Lab Loss: 1.3362, Recon Loss: 0.0108, Result: 0.55933
Train - epoch:113, All Loss: 0.1376, Lab Loss: 0.0771, Recon Loss: 0.0644
Val   - epoch:113, All Loss: 1.2792, Lab Loss: 1.2710, Recon Loss: 0.0105, Result: 0.54867
Train - epoch:114, All Loss: 0.1085, Lab Loss: 0.0492, Recon Loss: 0.0613
Val   - epoch:114, All Loss: 1.2835, Lab Loss: 1.2753, Recon Loss: 0.0106, Result: 0.55136
Train - epoch:115, All Loss: 0.0977, Lab Loss: 0.0386, Recon Loss: 0.0604
Val   - epoch:115, All Loss: 1.3484, Lab Loss: 1.3403, Recon Loss: 0.0103, Result: 0.56275
Train - epoch:116, All Loss: 0.1080, Lab Loss: 0.0490, Recon Loss: 0.0598
Val   - epoch:116, All Loss: 1.2437, Lab Loss: 1.2356, Recon Loss: 0.0104, Result: 0.54120
Train - epoch:117, All Loss: 0.0921, Lab Loss: 0.0329, Recon Loss: 0.0599
Val   - epoch:117, All Loss: 1.2887, Lab Loss: 1.2807, Recon Loss: 0.0103, Result: 0.54969
Train - epoch:118, All Loss: 0.0886, Lab Loss: 0.0300, Recon Loss: 0.0594
Val   - epoch:118, All Loss: 1.2371, Lab Loss: 1.2291, Recon Loss: 0.0101, Result: 0.54222
Train - epoch:119, All Loss: 0.0866, Lab Loss: 0.0290, Recon Loss: 0.0588
Val   - epoch:119, All Loss: 1.2350, Lab Loss: 1.2271, Recon Loss: 0.0100, Result: 0.53970
Train - epoch:120, All Loss: 0.0862, Lab Loss: 0.0292, Recon Loss: 0.0577
Val   - epoch:120, All Loss: 1.2743, Lab Loss: 1.2664, Recon Loss: 0.0100, Result: 0.54880
Train - epoch:121, All Loss: 0.0816, Lab Loss: 0.0242, Recon Loss: 0.0579
Val   - epoch:121, All Loss: 1.2821, Lab Loss: 1.2743, Recon Loss: 0.0099, Result: 0.55168
Train - epoch:122, All Loss: 0.0866, Lab Loss: 0.0306, Recon Loss: 0.0568
Val   - epoch:122, All Loss: 1.2601, Lab Loss: 1.2523, Recon Loss: 0.0099, Result: 0.54549
Train - epoch:123, All Loss: 0.0922, Lab Loss: 0.0361, Recon Loss: 0.0563
Val   - epoch:123, All Loss: 1.2707, Lab Loss: 1.2630, Recon Loss: 0.0098, Result: 0.54717
Train - epoch:124, All Loss: 0.0872, Lab Loss: 0.0315, Recon Loss: 0.0561
Val   - epoch:124, All Loss: 1.2398, Lab Loss: 1.2321, Recon Loss: 0.0098, Result: 0.54180
Train - epoch:125, All Loss: 0.0852, Lab Loss: 0.0296, Recon Loss: 0.0561
Val   - epoch:125, All Loss: 1.2363, Lab Loss: 1.2286, Recon Loss: 0.0097, Result: 0.54045
Train - epoch:126, All Loss: 0.0831, Lab Loss: 0.0282, Recon Loss: 0.0559
Val   - epoch:126, All Loss: 1.2299, Lab Loss: 1.2223, Recon Loss: 0.0096, Result: 0.53890
Train - epoch:127, All Loss: 0.0799, Lab Loss: 0.0252, Recon Loss: 0.0557
Val   - epoch:127, All Loss: 1.2508, Lab Loss: 1.2433, Recon Loss: 0.0096, Result: 0.54414
Train - epoch:128, All Loss: 0.0805, Lab Loss: 0.0259, Recon Loss: 0.0567
Val   - epoch:128, All Loss: 1.2525, Lab Loss: 1.2450, Recon Loss: 0.0095, Result: 0.54618
Train - epoch:129, All Loss: 0.0858, Lab Loss: 0.0318, Recon Loss: 0.0544
Val   - epoch:129, All Loss: 1.2697, Lab Loss: 1.2622, Recon Loss: 0.0096, Result: 0.54674
Train - epoch:130, All Loss: 0.0813, Lab Loss: 0.0279, Recon Loss: 0.0543
Val   - epoch:130, All Loss: 1.2772, Lab Loss: 1.2698, Recon Loss: 0.0094, Result: 0.54867
Train - epoch:131, All Loss: 0.0774, Lab Loss: 0.0243, Recon Loss: 0.0538
Val   - epoch:131, All Loss: 1.2278, Lab Loss: 1.2204, Recon Loss: 0.0095, Result: 0.53981
Train - epoch:132, All Loss: 0.0734, Lab Loss: 0.0199, Recon Loss: 0.0537
Val   - epoch:132, All Loss: 1.2475, Lab Loss: 1.2402, Recon Loss: 0.0093, Result: 0.54254
Train - epoch:133, All Loss: 0.0731, Lab Loss: 0.0204, Recon Loss: 0.0533
Val   - epoch:133, All Loss: 1.2566, Lab Loss: 1.2492, Recon Loss: 0.0092, Result: 0.54586
Train - epoch:134, All Loss: 0.0729, Lab Loss: 0.0201, Recon Loss: 0.0539
Val   - epoch:134, All Loss: 1.2272, Lab Loss: 1.2199, Recon Loss: 0.0092, Result: 0.53960
Train - epoch:135, All Loss: 0.0731, Lab Loss: 0.0209, Recon Loss: 0.0525
Val   - epoch:135, All Loss: 1.2234, Lab Loss: 1.2162, Recon Loss: 0.0093, Result: 0.53859
Train - epoch:136, All Loss: 0.0767, Lab Loss: 0.0238, Recon Loss: 0.0531
Val   - epoch:136, All Loss: 1.2665, Lab Loss: 1.2593, Recon Loss: 0.0092, Result: 0.54656
Train - epoch:137, All Loss: 0.0852, Lab Loss: 0.0335, Recon Loss: 0.0527
Val   - epoch:137, All Loss: 1.2425, Lab Loss: 1.2353, Recon Loss: 0.0092, Result: 0.54245
Train - epoch:138, All Loss: 0.0816, Lab Loss: 0.0299, Recon Loss: 0.0524
Val   - epoch:138, All Loss: 1.2840, Lab Loss: 1.2768, Recon Loss: 0.0090, Result: 0.54939
Train - epoch:139, All Loss: 0.0763, Lab Loss: 0.0247, Recon Loss: 0.0523
Val   - epoch:139, All Loss: 1.1947, Lab Loss: 1.1876, Recon Loss: 0.0091, Result: 0.53135
Train - epoch:140, All Loss: 0.0856, Lab Loss: 0.0342, Recon Loss: 0.0513
Val   - epoch:140, All Loss: 1.2825, Lab Loss: 1.2753, Recon Loss: 0.0090, Result: 0.55273
Train - epoch:141, All Loss: 0.0939, Lab Loss: 0.0427, Recon Loss: 0.0514
Val   - epoch:141, All Loss: 1.2477, Lab Loss: 1.2406, Recon Loss: 0.0090, Result: 0.54293
Train - epoch:142, All Loss: 0.0796, Lab Loss: 0.0287, Recon Loss: 0.0514
Val   - epoch:142, All Loss: 1.2746, Lab Loss: 1.2675, Recon Loss: 0.0090, Result: 0.55110
Train - epoch:143, All Loss: 0.0760, Lab Loss: 0.0249, Recon Loss: 0.0515
Val   - epoch:143, All Loss: 1.2788, Lab Loss: 1.2717, Recon Loss: 0.0090, Result: 0.54833
Train - epoch:144, All Loss: 0.0720, Lab Loss: 0.0218, Recon Loss: 0.0504
Val   - epoch:144, All Loss: 1.2580, Lab Loss: 1.2510, Recon Loss: 0.0088, Result: 0.54552
Train - epoch:145, All Loss: 0.0799, Lab Loss: 0.0296, Recon Loss: 0.0510
Val   - epoch:145, All Loss: 1.3338, Lab Loss: 1.3269, Recon Loss: 0.0089, Result: 0.56054
Train - epoch:146, All Loss: 0.1072, Lab Loss: 0.0571, Recon Loss: 0.0506
Val   - epoch:146, All Loss: 1.2251, Lab Loss: 1.2180, Recon Loss: 0.0091, Result: 0.53796
Train - epoch:147, All Loss: 0.0986, Lab Loss: 0.0480, Recon Loss: 0.0514
Val   - epoch:147, All Loss: 1.2376, Lab Loss: 1.2306, Recon Loss: 0.0090, Result: 0.54170
Train - epoch:148, All Loss: 0.1075, Lab Loss: 0.0563, Recon Loss: 0.0525
Val   - epoch:148, All Loss: 1.3100, Lab Loss: 1.3029, Recon Loss: 0.0090, Result: 0.55904
Train - epoch:149, All Loss: 0.0874, Lab Loss: 0.0370, Recon Loss: 0.0516
Val   - epoch:149, All Loss: 1.2800, Lab Loss: 1.2730, Recon Loss: 0.0089, Result: 0.55176
