🔧 Command: main.py --dataset bbbp --task_type class --seed 1 --gpu 1 --norm 0 --split_type random --batch_size 64 --vib_norm 0
🔧 All print outputs will be saved to: ./LOGS/bbbp/complete_output_20250828_120742.log
Device set to : NVIDIA GeForce RTX 4060 Ti
lr:0.001, cl_loss:0.1, cl_loss_num:0, pro_num:1, pool_type:attention, gnn_hidden_dim:256, batch_size:64, norm:0, fusion:3
0: 23.49%, 1: 76.51%
[GeoGNNModel] embed_dim:256
[GeoGNNModel] dropout_rate:0.5
[GeoGNNModel] layer_num:8
[GeoGNNModel] readout:mean
[GeoGNNModel] atom_names:['atomic_num', 'formal_charge', 'degree', 'chiral_tag', 'total_numHs', 'is_aromatic', 'hybridization']
[GeoGNNModel] bond_names:['bond_dir', 'bond_type', 'is_in_ring']
[GeoGNNModel] bond_float_names:['bond_length']
[GeoGNNModel] bond_angle_float_names:['bond_angle']
train model ...
**Test result:0.797142094017094

**Test result:0.8470886752136753

**Test result:0.8389423076923077

**Test result:0.8796741452991453

**Test result:0.8942307692307693

**Test result:0.9137286324786325

**Test result:0.9314903846153846

**Test result:0.9587339743589745

**Test result:0.9563301282051282

**Test result:0.9667467948717948

**Test result:0.967280982905983

**Test result:0.9654113247863249

**Test result:0.9642094017094018

**Test result:0.9663461538461539

**Test result:0.9671474358974358

