🔧 Command: main.py --dataset bbbp --task_type class --seed 2025 --gpu 1 --norm 0 --split_type random --batch_size 64 --vib_norm 0
🔧 All print outputs will be saved to: ./LOGS/bbbp/complete_output_20250828_181612.log
Device set to : NVIDIA GeForce RTX 4060 Ti
lr:0.001, cl_loss:0.1, cl_loss_num:0, pro_num:1, pool_type:attention, gnn_hidden_dim:256, batch_size:64, norm:0, fusion:3
0: 23.49%, 1: 76.51%
[GeoGNNModel] embed_dim:256
[GeoGNNModel] dropout_rate:0.5
[GeoGNNModel] layer_num:8
[GeoGNNModel] readout:mean
[GeoGNNModel] atom_names:['atomic_num', 'formal_charge', 'degree', 'chiral_tag', 'total_numHs', 'is_aromatic', 'hybridization']
[GeoGNNModel] bond_names:['bond_dir', 'bond_type', 'is_in_ring']
[GeoGNNModel] bond_float_names:['bond_length']
[GeoGNNModel] bond_angle_float_names:['bond_angle']
train model ...
**Test result:0.7969245402663285

**Test result:0.8815789473684209

**Test result:0.8982244768547877

**Test result:0.9105897273303741

**Test result:0.9169308814204186

**Test result:0.9396005072923271

**Test result:0.9323081800887763

**Test result:0.9345275840202916

**Test result:0.9632213062777426

