🔧 Command: main.py --dataset bbbp --task_type class --seed 2025 --gpu 1 --norm 0 --split_type random --batch_size 64 --vib_norm 0
🔧 All print outputs will be saved to: ./LOGS/bbbp/complete_output_20250828_123029.log
Device set to : NVIDIA GeForce RTX 4060 Ti
lr:0.001, cl_loss:0.1, cl_loss_num:0, pro_num:1, pool_type:attention, gnn_hidden_dim:256, batch_size:64, norm:0, fusion:3
0: 23.49%, 1: 76.51%
[GeoGNNModel] embed_dim:256
[GeoGNNModel] dropout_rate:0.5
[GeoGNNModel] layer_num:8
[GeoGNNModel] readout:mean
[GeoGNNModel] atom_names:['atomic_num', 'formal_charge', 'degree', 'chiral_tag', 'total_numHs', 'is_aromatic', 'hybridization']
[GeoGNNModel] bond_names:['bond_dir', 'bond_type', 'is_in_ring']
[GeoGNNModel] bond_float_names:['bond_length']
[GeoGNNModel] bond_angle_float_names:['bond_angle']
train model ...
**Test result:0.810716550412175

**Test result:0.8256182625237793

**Test result:0.8528852251109702

**Test result:0.8489220038046924

**Test result:0.8815789473684211

**Test result:0.8822130627774256

**Test result:0.9556119213696893

**Test result:0.937856689917565

**Test result:0.9457831325301205

**Test result:0.9304058338617628

**Test result:0.9410272669625872

**Test result:0.9468928344958782

**Test result:0.9356372859860494

**Test result:0.945149017121116

**Test result:0.9625871908687382

**Test result:0.9438807863031071

